d = 0.02
0.25333391223443835 0.006006873265845258
0.6015677710676227 0.2737646744442773
0.05889088803130327 0.3522621209316309
0.4528272952151835 0.06364496150552457
0.6188307130077155 0.6513189741476014
0.3676891944365226 0.8962818282570761
0.05280341667168664 0.8448799444974815
0.9005101436927191 0.3814942965943362
0.30492983344276336 0.5679988349577154
0.7373966856201748 0.9837465930152179
0.6141251708981145 0.2893310391289802
0.38669775974247345 0.890062950142062
0.8955532689529306 0.4008702970282247
0.7501652511318626 0.9683529665817314
0.589010371237131 0.2581983097595744
0.8811341432588305 0.37653742185454775
0.7220030591866883 0.9709780275035301
0.861758142824942 0.3715805471147593
0.6171341357523257 0.26120727461378557
0.724628120108487 0.9991402194487045
0.7527903120536613 0.9965151585269058
0.6094559722377679 0.6336522190551607
0.04191863593718019 0.3416818251487364
0.054188432708563425 0.8249279588675349
0.6266825707286062 0.30489740381368313
0.8667150175647305 0.3522045466808708
0.8473390171308419 0.34724767194108236
0.05249893172007468 0.32470957305461334
0.6327005004370286 0.2486498747832938
0.6282054537776631 0.6689857292400422
0.0313383401542857 0.35865407724285947
0.024946383843057116 0.3311015293658419
0.24740845603000244 0.02510894039925551
0.7629338166435504 0.9529593401482449
0.5985588062134115 0.301888438959472
0.07586314012542635 0.3628424167145254
0.06528284434253186 0.37981466880864845
0.6452579002675204 0.2642162394679967
0.7475401902100639 0.9401907746365571
0.04831059224840878 0.36923437302575396
0.43575090052131493 0.07405633721957976
0.44616227623537014 0.0911327319134483
0.3929166378574875 0.9090715154480129
0.2283063888965922 0.019183484194819612
0.3991355159725015 0.9280800807539638
0.06307922750296917 0.3077373209604903
0.573444006552428 0.2707557095900662
0.020758044371391213 0.37562632933698253
0.007974131748934042 0.32052123358294743
0.8761772685190421 0.39591342228843623
0.8712203937792536 0.4152894227223247
0.7321465637765774 0.9274222091248693
0.34868062913057174 0.9025007063720902
0.37390807255153663 0.915290393563027
0.8905963942131422 0.42024629746211317
0.010177748588496724 0.3925985814311056
0.7655588775653491 0.9811215320934192
0.7347716246983761 0.9555844010700436
0.04610697540884609 0.2971570251775958
0.027150000682619798 0.4031788772140001
0.06947118381419776 0.33528986883750783
0.0355266796259516 0.31412927727171885
0.6045767359218339 0.24564090992908266
0.36147031632150856 0.8772732629511253
0.07414041833850998 0.8263129749044117
0.3552514382064945 0.8582646976451744
0.09283539221954942 0.3734227124974199
0.9099723946470307 0.4252031722019016
0.41867450582744636 0.08446771293363495
0.7757023821552382 0.9375657137147584
0.6296915355828174 0.27677363929848847
0.2859331399614424 0.5617437860548901
0.6458722088701039 0.6596109884700946
0.4181440812784524 0.9218612026389497
0.08225509643665493 0.39039496459154294
0.01855442753182853 0.30354898148882437
0.37426000351244537 0.8520458195301603
0.3424617510155577 0.8834921410661394
0.32345318570960685 0.8897110191811535
0.034236447078616866 0.8235429428306581
0.08644343590832083 0.3458701646204023
0.04412225277674287 0.4137591729968946
0.6111162060439033 0.3174548036441749
0.886091017998619 0.35716142142065926
0.45657365194942534 0.10820912660731684
0.08005147959709225 0.31831761674338477
0.05470254855963736 0.3967869209027715
0.9050155199072423 0.4445791726357901
0.5955498413592003 0.33001220347466664
0.014284461448670304 0.8221579267937813
0.46323867092923865 0.08072135619939311
0.40826313011339116 0.0673913182397664
0.3548995072455858 0.9215092716780411
0.6364974681001563 0.6419442333776538
0.20920432176318193 0.013258027990383713
0.03773029646551429 0.386206625119877
0.7092344936750005 0.9863716539370166
0.7066094327532018 0.9582094619918423
0.01289944541179352 0.8421099124237279
0.41192520316343834 0.9028526373329988
0.0037857922772681386 0.36504603355408805
0.7783274430770369 0.9657279056599327
0.9000586451674538 0.4639551730696786
0.5860014063829198 0.2863220742747691
0.011514429374916736 0.8620618980536745
0.03354195699384838 0.43073142509101764
0.029134723314723016 0.2865767293947013
0.07365952328586366 0.2907650688663672
0.33624287290054367 0.8644835757601885
0.4371526465844032 0.9156423245239356
0.7937210695105235 0.9784964711716205
0.39785175439933596 0.050314923545897866
0.24148299982556654 0.04421100753266576
0.09063177537998673 0.3013453646492617
0.8856395194733537 0.43962229789600166
0.7449151292882652 0.9120285826913828
0.6011639579152748 0.660693714917549
0.6271227273302087 0.6242774782852131
0.01656970489972531 0.42015112930812315
0.38012695066655067 0.9342989588689778
0.26651052316341267 0.031034396603691408
0.4290858815415016 0.10154410762750349
0.5920193360913422 0.23007454524437976
0.7910960085887248 0.9503342792264462
0.3172343075945928 0.8707024538752026
0.032851431041740084 0.8434949284606047
0.9194346456013424 0.46891204780946705
0.39118673541952265 0.0778026939538216
0.09702373169121532 0.32889791252627926
0.05557344874544021 0.8049759732375883
0.19010225462977168 0.007332571785947813
0.5829924415287085 0.31444583878996374
0.40535439408751556 0.9470886460599146
0.6177479865602611 0.6066107231927723
0.7809525039988356 0.993890097605107
0.33002399478552963 0.8454750104542377
0.4561612118903541 0.9094234464089215
0.7193779982648896 0.9428158355583558
0.4015981111335778 0.09487908864769014
0.0314664150048633 0.8634469140905513
0.2342318451010281 8.141706140936053e-05
0.3490325600914805 0.8392561323392236
0.8423821423910535 0.36662367237497084
0.3296720638246209 0.9087195844871043
0.6201431006065369 0.2330835100985909
0.17100018749636142 0.0014071155815119137
0.0727554023016332 0.8462649605343583
0.4057063250484243 0.883844072027048
0.0015821754377054568 0.2929686857059299
0.8910478927384075 0.3377854209867708
0.29867478453993807 0.5869955284390365
0.05668727119174058 0.2801847730834727
0.1650747312919255 0.020509182714922164
0.4309337684693892 0.8966337592179847
0.9149292693868192 0.40582717176801314
0.46698502766348055 0.12528552130118537
0.10121207116288122 0.28437311255513864
0.10341568800244391 0.3564504604032968
0.557877641867725 0.28331310942055793
0.1591492750874896 0.03961124984833242
0.693840867241514 0.9736030884253288
0.8951017704276654 0.4833311735035671
0.26058506695897676 0.050136463737101664
0.5917892171453272 0.6430269598251083
0.3804788816274594 0.8710543848361112
0.9198861441266076 0.38645117133412465
0.8518443933453651 0.41033254798253627
0.010129413338039952 0.8820138836836211
0.9243915203411308 0.44953604737557856
0.014366088060162627 0.348073781459965
0.8662635190394652 0.4346654231562132
0.9144777708615539 0.48828804824335553
0.9054670184325075 0.3621182961604477
0.6081072411896921 0.34557856815936955
0.42533952480725973 0.056979942525711216
0.2921881888642677 0.542747092573569
0.3863458287815647 0.9533075241749287
0.8716718923045189 0.3328285462469823
0.39948744693341026 0.8648355067210971
0.5423112771830221 0.2958705092510497
0.6422489354133092 0.2923400039831914
0.1098076443136725 0.38400300828031436
0.8757257699937768 0.4783742987637786
0.8806826447335653 0.45899829832989014
0.22238093269215628 0.03828555132822986
0.00598940911683082 0.4371233814022462
0.8613066442996767 0.4540414235901017
0.8568012680851536 0.3909565475486478
0.5453202420372333 0.267746744735855
0.022961661210953895 0.4477036771851407
0.7167529373430909 0.9146536436131815
0.4149281490932045 0.039903547831842676
0.29241973563711277 0.6059922219203575
0.2734230421557918 0.5997371730175322
0.5925408765049891 0.3581359679898613
0.18417679842533577 0.026434638919358065
0.9248430188663961 0.36707517090023617
0.3807753597054674 0.06072629925995306
0.01566947748554709 0.8022059411638347
0.5267449124983191 0.30842790908154144
0.42471489035437515 0.8776251939120339
0.9293483950809193 0.4301600469416901
0.14597266415851526 0.014583726510486264
0.4115732722025296 0.9660972113658655
0.8901448956878769 0.5027071739374556
0.31141642911843376 0.6122472708231829
0.6578153000980121 0.2797826041526996
0.08423981906875815 0.27379281677224415
0.8522958918706304 0.3278716715071939
0.3741103407256541 0.08821406966787679
0.6482668651217316 0.23609247495280206
0.012162471220599942 0.2759964336118068
0.12038794009656699 0.3670307561861913
0.5799834766744973 0.3425696033051584
0.9392621445604962 0.3914080460739131
0.41200948684763306 0.11195548334155868
0.13736019219069007 0.3776110519690858
0.8563497695598883 0.4734174240239902
0.47739640337753575 0.1423619159950539
0.5608866067219362 0.25518934490536327
0.44337152469941726 0.9346508898298864
0.9442190193002846 0.3720320456400246
0.2724359793678486 0.011932329470281158
0.6000812314678203 0.6159854639627199
0.11179236694577571 0.2674008604610156
0.28616468673428747 0.6249889154016786
0.5764529714066392 0.2426319450748715
0.0397150190976175 0.26960447730057824
0.1181843232570043 0.29495340833803313
0.4736500466432939 0.09779775089326165
0.5704350416982168 0.29887947410526083
0.2669364464801214 0.5554887371520647
0.6608242649522234 0.25165883963750496
0.20327886555874602 0.03236009512379396
0.039933913305076965 0.4582839729680352
0.2479397529988004 0.5492336882492393
0.1139959837853384 0.33947820830917375
0.6552469496400515 0.6772777435625353
0.639239970559098 0.32046376849838604
0.623673605874395 0.3330211683288778
0.41779215031754363 0.9851057766718163
0.3611183853605998 0.9405178369839919
0.12876461903989878 0.27798115624391007
0.1223726627286702 0.2504286083668925
0.3845217164397093 0.10529046436174533
0.703984371831403 0.930047270046668
0.9388106460352309 0.4738689225492555
0.38744037868528075 0.033238528852029325
0.10540041063454712 0.23984831258399802
0.3110154294795788 0.8516938885692518
0.2856125902968229 0.03695985280812731
0.05141840063480986 0.8648319301274281
0.050514209087971454 0.44131172087391213
0.9297998936061845 0.3476991704663477
0.8419306438657882 0.44908454885031324
0.08842815854042405 0.22926801680110354
0.8766287670443074 0.31345254581309384
0.9343052698207077 0.4107840465078016
0.30516138021560846 0.6312439643045039
0.3636989650115988 0.07113767497400825
0.6075857007760451 0.217517145413888
0.15433244428481313 0.3881913477519803
0.10760402747410981 0.3119256604321562
0.31767147802125906 0.5932505773418618
0.8572527666104188 0.3084956710733054
0.3987835850115928 0.9913246547868304
0.8279630166969534 0.3422907972012939
0.09482011485165263 0.2568205646781211
0.31066349851867003 0.9149384626021184
0.7013593109096043 0.9018850781014937
0.5741224620528864 0.6524017005950559
0.39256470689657874 0.9723160894808796
0.07784786275752956 0.2462402688952266
0.36804112539743133 0.8330372542242095
0.3797750197056419 0.9975435329018445
0.5548686770135138 0.3114368739357526
0.8468875186055767 0.42970854841642475
0.33041312259975475 0.6185023197260082
0.654164223192597 0.6325694926077062
0.7603087557217517 0.9247971482030706
0.837425267651265 0.38599967280885933
0.4368007156234945 0.9788868985568022
0.13096823587946146 0.35005850409206823
0.9437675207750194 0.454492922115367
0.6083732457903135 0.5889439681003316
0.13515657535112738 0.3055337041209276
0.6206646410201838 0.36114493284407245
0.05690616539920004 0.4688642687509297
0.44241591950112824 0.046568566811656026
0.32392652692408436 0.5742538838605408
0.05029531488051199 0.2526322252064552
0.3238051166705156 0.8264664451482868
0.6105386986852224 0.6783604700099898
0.8230061419571649 0.3616667976351824
0.6375801945476107 0.6866524843324829
0.06726756697463507 0.26321252098934966
0.3932685688183962 0.8458269414151462
0.07167480065376045 0.407367216685666
0.05003338459793308 0.8847839157573747
0.8180492672173765 0.3810427980690709
0.012381365428059406 0.46467592927926377
0.4394972572555568 0.11862050232137203
0.6733816647827151 0.26722520432220787
0.14573687113402184 0.28856145202680455
0.3703639839914122 0.043649904566084516
0.34281368197646644 0.8202475670332727
0.9586381449943847 0.39636492081370156
0.029353617522182476 0.47525622506215826
0.9536812702545963 0.41574092124759005
0.03332306278638891 0.24205192942356069
0.9487243955148078 0.43511692168147853
0.030081398967986513 0.8833988997204979
0.8064896350222113 0.963102844738134
0.8707688952539884 0.4977502991976671
0.6784472408080274 0.960834522913641
0.5111785478136162 0.3209853089120332
0.9730572706884848 0.4206977959873785
0.44994233377534004 0.8904148811029706
0.9491758940400731 0.35265604520613614
0.5794619362608504 0.21450818055967685
0.03562146311549365 0.8035909572007115
0.34210982005464896 0.946736715099006
0.34662257031773025 0.08154905068806344
0.6362310057048868 0.3485875330135807
0.7295215028547787 0.899260017179695
0.8038645741004126 0.9349406527929597
0.001801069645164917 0.48164818137338683
0.5647477212829388 0.6347349455026151
0.6260400008827542 0.579569227330384
0.6656786752963396 0.9762281493471275
0.61991343945517 0.6960272251024305
0.022742767003494424 0.25902418151768375
0.2731914953829467 0.5364920436707437
0.46990368990905207 0.053233585791469376
0.583497202822834 0.6700684556874966
0.4689508990812909 0.8841960029879565
0.36744532174584077 0.11570184007580052
0.4224208625616882 0.12903187803542723
0.6635389639625446 0.650236247700147
0.6517973703895897 0.33603013318308894
0.813092392477588 0.40041879850295936
0.09900845432331853 0.21229576470698047
0.6166652601128066 0.5619024722379432
0.23555754362113063 0.06331307466607601
0.046325869616305554 0.48583652084505274
0.449908632969612 0.13569689701524057
0.48406142235734906 0.11487414558713017
0.29890633131278316 0.650240657785825
0.09922734853077801 0.4009752603744374
0.910423893172296 0.34274229572655923
0.6469549353175583 0.7043192394249237
0.279687134092387 0.056061919941537565
0.9685518944739616 0.3576129199459246
0.788470947666926 0.9221720872812719
0.3735561415906279 0.9785349675958936
0.16491274006770762 0.3712190956578572
0.7422900683664665 0.8838663907462084
0.13934491482279326 0.261008904149787
0.43200454378707304 0.029492172117787485
0.304444620403656 0.8959298972961676
0.8815856417840958 0.29407654537920536
0.9635950197341732 0.3769889203798131
0.3231012547486981 0.9529555932140201
0.80911469594401 0.9912650366833083
0.348328698169663 0.9657452804049569
0.17825134222089986 0.045536706052768314
0.47516977719630493 0.9032045682939074
0.3870496907033822 0.8268183761091954
0.4941783425022558 0.8969856901788933
0.5824144763753796 0.6253602047326675
0.33621119460367505 0.0644726559941949
0.5393023123288109 0.32399427376624435
0.2920068641736279 0.8579127666842659
0.31688237663368407 0.9339470279080693
0.17232588601646395 0.06463877318617857
0.8012395131786139 0.9067784608477854
0.018773321739287988 0.4922284771562813
0.443723455660326 0.8714063157970198
0.6885907453979165 0.9172787045349802
0.2916549332127192 0.9211573407171325
0.9153807679120844 0.32336629529267075
0.7141278764212922 0.8864914516680071
0.46273202096627686 0.8651874376820057
0.2671679932529665 0.6187338664988532
0.1713046963789362 0.39877164353487476
0.15212882744525044 0.3161139999038221
0.5674260768440056 0.3270032386204555
0.06998537022787964 0.8861689317942515
0.6810723017298261 0.9889967148588154
0.6638332298064346 0.2235350751223103
0.7730773212334395 0.9094035217695841
0.3949330921537645 0.12236685905561387
0.14992521060568775 0.24403665205566394
0.24817129977164548 0.6124788175960278
0.2915380465012588 0.017857785674717058
0.8513928948200998 0.49279342445787866
0.7986732667834879 0.3760859233292824
0.4045167733791493 0.022827153137974135
0.43058183750848045 0.9598783332508514
0.6763906296369263 0.2391014398070132
0.8851880209480885 0.5220831743713441
0.4986211479831244 0.3054189442273303
0.11619960062490109 0.4115555561573319
0.6050982763354809 0.3737023326745642
0.2609129443501412 0.6377305599801742
0.8081355177377996 0.41979479893684785
0.5638955715761474 0.2270655803901686
0.1329529585115647 0.23345635627276945
0.4243629593934664 0.9408697679449005
0.14004720795407935 0.03368579364389652
0.8960047674781959 0.3184094205528823
0.06329812171042863 0.49641681662794723
0.2606813975772961 0.5744854306333858
0.6487884055353785 0.3641538976982836
0.14353325429445918 0.21648410417864639
0.07137038626475642 0.8662169461643049
0.03700647915237043 0.7836389715707649
0.12457627956823289 0.3225059562150507
0.6912158063197152 0.9454408964801545
0.06109450487086596 0.42433946877978906
0.49561218312891325 0.33354270874252495
0.24168470409597506 0.5682303817305604
0.2796780910586171 0.5807404795362111
0.6729137047324922 0.6679030027925877
0.3358909419396349 0.9277281497930552
0.48795946438724175 0.8779771248729424
0.4830547832984215 0.31797634405782205
0.757683694799953 0.8966349562578962
0.48606374815263265 0.2898525795426274
0.5237359476441079 0.3365516735967361
0.14154853166235595 0.33308625199794517
0.6643547702200815 0.35159649786779185
0.3047146574302331 0.04288530901256321
0.06748646118209453 0.4518920166568066
0.28543605509770514 0.9021487754111817
0.11598070641744161 0.22287606048987496
0.10958875010621302 0.1953235126128574
0.508169582959405 0.34910907342722786
0.12656100220033611 0.2059038083957519
0.23542965519314973 0.5872270752118814
0.8036301415232764 0.35670992289539394
0.1532238188830537 0.058713316981742675
0.6758221798862287 0.9326723309684667
0.2726463679067683 0.9273762188321466
0.00577051490937135 0.24844388573478926
0.31064011363466904 0.023783241879152955
0.8622096413502073 0.2891196706394169
0.06087561066340648 0.2356599731123321
0.12677989640779558 0.39458330406320885
0.01635081069226584 0.2314716336406662
0.6613458053658703 0.3797202623829865
0.5669045364303587 0.19894181587497395
0.6332220408506756 0.37671129752877536
0.8369737691259997 0.4684605492842017
0.21645547648772037 0.057387618461640116
0.32579981888961984 0.047396261300326356
0.9780141454282733 0.40132179555349
0.08864705274788352 0.4179475124685605
0.8329198914367418 0.3229147967674054
0.4803150656231073 0.07030998048533792
0.5564557069604457 0.6617764413650035
0.9681003959486963 0.440073796421267
0.15852078375647902 0.34366654778083966
0.4603200086836672 0.1527732917091091
0.25465961075454085 0.06923853087051192
0.19735340935431012 0.05146216225720421
0.17549303585060208 0.35424684356373415
0.4430195937385085 0.9978954638627531
0.48004581844421035 0.3461001085730167
0.3778566974598959 0.13277823476966907
0.8218832614556978 0.9758714102498218
0.6822884455024398 0.6855697578850285
0.5989985050203659 0.5712772130078908
0.3532875892975436 0.054061280280139706
0.8275115181716881 0.4247516736766363
0.31758623855550155 0.807457879842336
0.6919569943216293 0.22654403997652145
0.18188499216183068 0.3817993914407517
0.3113673604404875 0.7884493145363851
0.14794048797358453 0.3606387998749627
0.09261649801208995 0.18474321682996292
0.9581866464691194 0.47882579728904395
0.5553729805129912 0.6170681904101744
0.1607244005960417 0.41574389562899783
0.7842541410893878 0.3517530481556055
0.36733726347561385 0.9595264022899428
0.5518597121593026 0.33956063845094725
0.6859656844761178 0.8891165125898058
0.9338537712954424 0.493244922983144
0.9095208961217655 0.507664048677244
0.5928719435927816 0.6877352107799374
0.2291746062903245 0.6062237686932025
0.16640042981202804 0.08374084031958882
0.6502850488628531 0.9634595838354397
0.008744397301163168 0.9019658693135677
0.6292881802251176 0.7136939801948713
0.1691010795393735 0.3266942956867166
0.48138865531131897 0.9222131335998582
0.8175977686921112 0.46350367454441327
0.7550586338781543 0.8684727643127219
0.9829710201680617 0.3819457951196015
0.21053002028328446 0.07648968559505037
0.026931106475160328 0.21449938154654313
0.6703726999285039 0.2953489688374025
0.08027037380455171 0.5069971124108417
0.08445871327621761 0.4624723124397011
0.72689644193298 0.8710978252345206
0.5907064906978727 0.5983187088702792
0.35703394603178557 0.09862544538193198
0.3941053976650941 0.005750758444105594
0.009958854381037253 0.20391908576364864
0.1472983626786178 0.07781538411515293
0.45580928092944534 0.9726680204417881
0.4594923141949968 0.036157191097600835
0.6457794406811673 0.39227766221347826
0.5003972206172699 0.9159942554848441
0.13412175174964344 0.052787860777306767
0.10319679379498443 0.16777096473583986
0.31913479990980653 0.07488403170825009
0.18607333163349657 0.3372745914696111
0.7115028154994935 0.8583292597228328
0.6176556761659726 0.3892686973592671
0.6512758299759428 0.2079687104376074
0.8320168943862113 0.4878365497180902
0.9924332711223733 0.42565467072716695
0.6583368405116591 0.40784402689818117
0.6357094652912398 0.22052611026809915
0.9973901458621618 0.40627867029327847
0.6889480294674181 0.2546678044917161
0.7858458867451273 0.8940098953360975
0.14375214850191864 0.40516359984610334
0.643706755975195 0.5701944865604364
0.1914279531498742 0.07056422939061446
0.5950283009455534 0.2019507807291851
0.12016904588910751 0.17835126051873434
0.5513381717456557 0.2114992157054657
0.07552543437538677 0.8063609892744651
0.2541948019016257 0.5302369947679183
0.487607533426333 0.9412216989058091
0.9874763963825849 0.44503067116105544
0.31118488234558866 0.5490021414763944
0.11501968461623319 0.046862404572870865
0.8225546434318997 0.4441276741105248
0.6022466843627292 0.7054019658723781
0.16047497360759214 0.10284290745299908
0.6105946656302563 0.18939338089869334
0.48698008460292064 0.042822210077414186
0.4926032182747021 0.3616664732577196
0.42159316807301783 0.012415777423918944
0.9203376426518729 0.30399029485878226
0.6646216904099991 0.6949444986549761
0.638718430145451 0.1924023457529045
0.5895319116507779 0.38625973250505596
0.4184960122393611 0.858616628606083
0.6859390646132069 0.28279156900691077
0.6668421946606458 0.19541131060711564
0.13317185271902415 0.4221358519402264
0.33995755133791705 0.10903682109598717
0.4122771341243471 0.8396080633001322
0.7015054292979098 0.270234169176419
0.5470809661904981 0.6441096862725627
0.33037592574643837 0.782230436421371
0.5362933474745997 0.352118038281439
0.977562646903008 0.4837826720288324
0.43750457754531197 0.8523977504910689
0.14137290647418188 0.09691745124856319
0.6354147416527018 0.5972359824228247
0.5824709011150616 0.1863844160444822
0.6739964311799467 0.7126112537474169
0.5543471365998669 0.18337545119027104
0.9879278949078502 0.36256979468571304
0.6984964644436986 0.2983579336916137
0.30205840521593796 0.08529540742230528
0.4817405862722277 0.8589685595669916
0.6302130759964644 0.40483506204397
0.07387841749332312 0.47944456453382417
0.4907264413371625 0.08738637517920646
0.8085870162630648 0.33733392246150545
0.07806675696498903 0.43491976456268355
0.8324683929114766 0.4053756732427478
0.4495904028144313 0.9536594551358373
0.028696382931109727 0.9033508853504445
0.20460456407884856 0.09559175272846063
0.035745573833411065 0.5028087729391758
0.5357718070609527 0.22405661553595746
0.5141875126678274 0.29286154439683854
0.12819629554520753 0.07188992791071704
0.38083081258836815 0.8078098108032445
0.8865425165238843 0.27470054494531687
0.6447894824226494 0.6149027375152655
0.7140628291284016 0.2858005338611219
0.44908093848094155 0.01908079640373229
0.399839377894319 0.8015909326882305
0.7266202289588933 0.3013668985458248
0.1371412979832306 0.18893155630162883
0.32932013286371214 0.971964158519971
0.6020893114812697 0.40182609718975887
0.6116214251326768 0.7230687209648189
0.8464360200803114 0.5121694248917672
0.21643296171182874 0.5809720263090561
0.31656556983910494 0.0046811747457427035
0.31246978092999317 0.10237180211617382
0.8378767661765303 0.30353879633351694
0.09132237189470298 0.8676019622011817
0.5488507473050914 0.3676844029661419
0.2737616778879511 0.07516398707494781
0.6231520654607481 0.20495974558339625
0.007359381264286384 0.9219178549435143
0.6604285534527422 0.9199037654567789
0.8671665160899957 0.2697436702055284
0.19885724425595375 0.3923796872236462
0.09409240396845654 0.8276979909412885
0.8135438910028533 0.31795792202761697
0.19867910787441265 0.11469381986187088
0.06860035419100285 0.9061209174241981
0.573039735605432 0.6076934496402268
0.6450349270192557 0.9071351999450911
0.359952608277357 0.026573509872215975
0.934756768345973 0.3283231700324592
0.29265128240995786 0.669237351267146
0.5207269827898967 0.36467543811193076
0.27990963783146217 0.6439856088829996
0.017054493522423875 0.7822539555338881
0.6718309782850378 0.6231947518377586
0.9735087692137501 0.3382369195120361
0.12227083934077164 0.09099199504412729
0.8031786429980111 0.43917079937073633
0.22963208741669472 0.08241514179948627
0.07145590644630097 0.21868772101820905
0.1855024969454383 0.08966629652402472
0.5644171119897944 0.35512700313565015
0.2544263486744708 0.5934821241147068
0.03839149518924721 0.7636869859408183
0.7892110158291763 0.332377047721717
0.4623800900053681 0.9284320117148723
0.7982217682582227 0.4585467998046248
0.8658120205141999 0.5171262996315557
0.2849820105220694 0.09570678313636047
0.5332843826203885 0.38024180279663367
0.1056193048420066 0.428527808251455
0.9825195216427964 0.4644066715949439
0.260449850804451 0.5112403012865973
0.6548063352438009 0.3079063686678943
0.9631435212089079 0.45944979685515547
0.5752051885003409 0.697109951549885
0.690580459824933 0.6585282620226401
0.7296291938131045 0.27324313403063016
0.3503689270519722 0.1261132157898557
0.09591761748282293 0.040936948368434964
0.05271782592753414 0.5133890687220704
0.15631716691691633 0.2715891999326815
0.31743993124841396 0.5300054479950733
0.19246528794472514 0.36482713934662864
0.025165278050516576 0.5197810250332989
0.30479655136456474 0.8326853232633009
0.6833711719498943 0.7302780088398576
0.3228811566440485 0.11944819681004236
0.279446544285772 0.5174953501894226
0.6812057190549854 0.6408615069301994
0.6386629209950652 0.731360735287312
0.09270738793157976 0.8476499765712351
0.6988724741474261 0.6314867661602518
0.09503900905911211 0.44550006034557804
0.34292322040540535 0.5805089327633661
0.7110538642741904 0.3139242983763166
0.3882680731739511 0.14985462946353761
0.6793995944911375 0.21097767529181854
0.2978738113277332 0.9401659060230834
0.30409268944274725 0.9591744713290342
0.0908506695874462 0.49002486031671866
0.5011378170512176 0.104462769873075
0.35454757628467704 0.9847538457109077
0.5483292068914445 0.23962298022066036
0.5739655469660749 0.3988171323355477
0.6799211349047845 0.3390390980373001
0.12259155693612966 0.43910810403434947
0.6480376617650128 0.7490274903797528
0.5387889518680049 0.6711511821349511
0.32954617562386185 0.09196042640211863
0.33018157582690966 0.5552571903792197
0.630370906672572 0.7584022311497004
0.24191625086882015 0.6314755110773489
0.31790302479410415 0.6564957066886503
0.20304558372761963 0.3478548872525056
0.7075233590063322 0.2139866401460297
0.46859896812038215 0.9474405770208232
0.4053444678678197 0.1394432537494824
0.8166331396121004 0.9195470263594732
0.22291955738749916 0.6252204621745235
0.7788457678243341 0.45358992506483636
0.5614081471355832 0.3832507676508448
0.523214407230461 0.20849025085125455
0.6530814967451426 0.5878612416528771
0.19743626823050775 0.5747169774062307
0.09724262589867479 0.5175774081937361
0.3103115675577613 0.9781830366349851
0.6563296760875059 0.7219859945173644
0.34917826930823065 0.5615122392820451
0.6987342499878056 0.8737228861563193
0.5865229467965667 0.4143834970202506
0.673903205196362 0.3952866270676894
0.6427704758269561 0.4204014267286729
0.6829300997589957 0.31091533352210543
0.8346518269673856 0.9604777838163353
0.6769121700505732 0.36716286255249475
0.7704522603116408 0.8812413298244097
0.0439033585692834 0.22507967732943762
0.7986144522568152 0.878616268902611
0.6707482518375834 0.5784865008829295
0.2546578954473159 0.6567272534614953
0.24873415455010497 0.08834059800392216
0.9969386473368965 0.48873954676862086
0.039776511226123995 0.7437350003108717
0.9928847696476386 0.34319379425182456
0.5051606181051937 0.3772328379424225
0.40605825600933304 0.8205994979941813
0.298443237767093 0.523750399092248
0.49382641154134704 0.9602302642117599
0.7451955584978075 0.2606857342001384
0.4565131428512628 0.8461788723760548
0.37702900297122555 0.016162134158160785
0.32415704763142433 0.7632218711154202
0.2679056158282008 0.10611815885041566
0.9726057721632195 0.503158672462721
0.5845799292702885 0.7147767066423257
0.9541327687798615 0.33328004477224765
0.03751140225805481 0.19752712945242007
0.8270600196464228 0.5072125501519787
0.6708942403421508 0.42341039158288407
0.15411355007735367 0.19951185208452332
0.3493844910523892 0.7760115583063569
0.3428762135834884 0.036984885586271166
0.4735063483221409 0.2742862148579245
0.5327628422067415 0.2521803800511521
0.36078030276602735 0.14318961048372428
0.33666817150258005 0.5995056262446872
0.46094894849164914 0.2587198501732216
0.5658304477303933 0.6794431964574442
0.7165392292398669 0.6221120253903042
0.3355390109787262 0.9909727238259218
0.01843950955930065 0.7623019699039415
0.2850841241367964 0.9653933494440483
0.2289430595174794 0.542978639346414
0.5177180179356855 0.3927992026271254
0.5980372657997646 0.17382701621399044
0.6884150069300241 0.5691117601129819
0.16270912322814493 0.29914174780969904
0.5211221967755642 0.6805259229048987
0.43128569943029793 0.8333891851851181
0.042137530144639654 0.5303613208161935
0.7396650074446678 0.8557041988010341
0.6476599879410544 0.9352973918902654
0.6630536143745409 0.9480659574019532
0.1732894190110394 0.282169495715576
0.512834976847298 0.9540113860967459
0.0480916980409493 0.180554877358297
0.654284794830154 0.17984494592241274
0.22268801061465407 0.561975332827735
0.7792972663495994 0.37112904858949397
0.23566120196599483 0.6504722045586699
0.06969007802165722 0.5239693645049648
0.7648781406554993 0.34679617341581703
0.6529101097846518 0.9916217757806141
0.179681375322268 0.30972204359259353
0.05867199382384379 0.16358262526417394
0.9252945173916614 0.2846142944248938
0.5297538773525303 0.2803041445663468
0.17843957474918676 0.5684619285034054
0.1209451408206691 0.027760337439460617
0.9919817725971081 0.5081155472025094
0.8192582005338991 0.9477092183046475
0.27831699154225603 0.1231945535442842
0.4765687088888654 0.02574581538354564
0.16469384586024816 0.18253959999040026
0.4157558435818749 0.15651964844335095
0.7738888930845457 0.47296592549872485
0.32415807369692945 0.6374990132073293
0.2612405968483875 0.1336059292583394
0.07691045041226355 0.7864090036445185
0.20943754003884824 0.3754074351295231
0.33329253235810363 0.1365245915039109
0.4770368535899992 0.37422387308821137
0.8721233908297842 0.25036766977163993
0.27365458892863687 0.6629823023643207
0.2237066312122588 0.10151720893289652
0.13544745026974597 0.11601951838197344
0.7937163920436995 0.3954619237631709
0.6949659591758405 0.1984202754613268
0.36817496278955164 0.5677672881848704
0.4620281590444594 0.991676585747739
0.33643662472973496 0.5362604968978987
0.34940981608107574 0.6247573686288336
0.5294142110980573 0.6534844270425103
0.5699135012845699 0.1708180513597793
0.126870597025105 0.008658270306050365
0.05910978223876273 0.5409416165990879
0.8414791453405229 0.5315454253256557
0.7832208258233286 0.8658477033909232
0.11634538313633574 0.11009406217753755
0.46447945375950744 0.35865750840350846
0.21017791280900341 0.5999687197903771
0.13956380903025273 0.44968839981724396
0.4707313843977224 0.16984968640297765
0.7607619231825105 0.24812833436964665
0.7060817620224649 0.5597370193430343
0.6961091890660069 0.845560694211145
0.9009616422179844 0.2990334201189938
0.008193025956393499 0.5092007292504044
0.8221031449066344 0.5265885505858673
0.26739954002581157 0.6819789958456417
0.5896237642504183 0.55361045791545
0.06925228960673828 0.14661037317005088
0.4973914603169758 0.059898604771282726
0.05834348081919377 0.7650720019776951
0.3711916784800826 0.16026600517759282
0.5458417824508802 0.39580816748133657
0.6209961659026244 0.7407354760572596
0.6348914224293666 0.9506910183237519
0.34315476717825044 0.6437540621101546
0.3618222472824173 0.8140286889182586
0.28639623350713256 0.688234044748467
0.701037927042335 0.72090326806991
0.5813317499279251 0.5806519537778384
0.21666450848467383 0.6442171556558446
0.4614704889052963 0.3867812729187031
0.5769745118202861 0.37069336782035306
0.3046982866699183 0.5047537056109269
0.10143096537034069 0.4730526082225956
0.7326381586673157 0.2451193695154355
0.3365948038614524 0.8012390017273219
0.2664274897917543 0.9083676535261958
0.17108580217147673 0.2100921478674178
0.0522800375126152 0.1360300773871564
0.558399182281372 0.4113745321660395
0.5066160987322839 0.935002820790795
0.04169974172972071 0.15300232948127945
0.2264097921329713 0.3859877309124176
0.2857015931885973 0.4984986567081016
0.30539292698845355 0.6944890936512924
0.10316877220736138 0.0850665388396914
0.6613735110676358 0.5608197457904888
0.7932648935184342 0.4779228002385133
0.8527473903958956 0.24541079503185148
0.2987892012257972 0.061987376145973466
0.720080758836824 0.2295530048307326
0.6261610303149593 0.1768359810682016
0.05448365435217789 0.20810742523531456
0.3495412325633018 0.009497115178347434
0.20392286390617817 0.6189654132716982
0.5377062254205505 0.626442931180122
0.689469569881065 0.38272922723719766
0.23519810842030472 0.523981945865093
0.9059185169577728 0.2796574196851053
0.05695846478231699 0.7850239876076417
0.06506395013507238 0.1911351731411915
0.39362049977930497 0.7825823673822796
0.21620141493898373 0.5177268969622676
0.014584982267622087 0.536753277127422
0.8802311462083 0.5414591748052326
0.1140443895984031 0.8290830069781653
0.9978416443874271 0.3238177938179361
0.2857879860586139 0.838904201378315
0.02053915016393174 0.18694683366952558
0.6916631862723874 0.7032365129774693
0.32369498015123926 0.5110087545137523
0.5016301128373356 0.27729517971213563
0.8770802655695726 0.23099166933775145
0.7236112641046821 0.3294906630610195
0.4748178462353962 0.966449142326774
0.29913787808562825 0.7134857871326135
0.19665362741639106 0.320302339375488
0.5078028360310309 0.07697499946515127
0.5040564792967892 0.032410834363358995
0.6221228569176788 0.9660846447572384
0.08203620222919546 0.20171546892408598
0.7698350153952878 0.32742017298192855
0.08622454170086136 0.15719066895294537
0.15014410481314722 0.4327161477231209
0.06286033329550969 0.11905782529303331
0.5481636926379525 0.6888179372273918
0.7093299413648282 0.6938617722075217
0.7504590149613992 0.3224632982421401
0.4536549897038539 0.18026106211703286
0.5200394703281097 0.6358176719500696
0.3058047619501799 0.12985957252409755
0.2536378026008175 0.9335950969471607
0.031557234361745165 0.5473335729103166
0.44891308907480454 0.3712149082340002
0.3437039080721588 0.15360098619777948
0.28014118460430726 0.7072307382297881
0.29822574228864196 0.8769213319902167
0.16689746269981082 0.2546169478385584
0.4811427601117776 0.1869260810968462
0.7941678905689648 0.3130010472878285
0.5387807719151639 0.1959328510207628
0.31653044567277533 0.9971916019409359
0.48959425342049084 0.38979023777291427
0.07983258538963277 0.12963812107592781
0.29130300225181044 0.9844019147499992
0.9784656439535385 0.3188609190781476
0.6343320152052474 0.5525277314679956
0.6519987702976882 0.543152990698048
0.7577529583282993 0.2762520988848413
0.5283314846506029 0.6087761760876812
0.7237485171149056 0.5503622785730867
0.3746119344733541 0.7888012454972937
0.7455021402216108 0.3418392986760286
0.02472748963559764 0.14242203369838496
0.4432436139897986 0.16318466742316431
0.7524335729563556 0.8403105723675476
0.04116152726300078 0.7237830146809251
0.34269167363256026 0.5172638034165776
0.1795770407410024 0.10876836365743497
0.6790402661600765 0.5514450050205412
0.31164797589127885 0.6754924001699714
0.2985776732495507 0.8136767579573501
0.6673637350742927 0.3234727333525972
0.5262233720846722 0.1803664863360599
0.18386971479393388 0.2651972436214529
0.95908964351965 0.31390404433835917
0.11201126115323518 0.45608035612847253
0.7170717939826128 0.25767676934592726
0.8964562660034612 0.2359485440775399
0.4363556892443128 0.3556485435492973
0.4810367243504102 0.9854577076327249
0.31095333557274357 0.4857570121296059
0.49447279807140426 0.13195054028099873
0.35560336916740326 0.7950201236123078
0.6696655253901289 0.5337782499281004
0.031119445946826228 0.16997458157540252
0.7743403916098109 0.39050504902338246
0.7747918901350762 0.30804417254804006
0.67319711896443 0.9045101390232924
0.904564021381977 0.5270400491111326
0.8477905156561072 0.26478679546573997
0.2104094595818485 0.6632138491371656
0.928896896555654 0.5126209234170325
0.22245646384180906 0.4987302034809466
0.5106647295581621 0.6181509168576288
0.7080448994199792 0.34204806289151124
0.8914993912636727 0.2553245445114284
0.130749341672002 0.16137900842461128
0.16050550638858224 0.22706439996154087
0.10776852989169475 0.002732814101614465
0.4386695627668864 0.0020044017098637505
0.32438962046977454 0.7007441425541178
0.20415441067902318 0.6822105426184867
0.0899373558578262 0.8875539478311283
0.6864606050268538 0.4108529917523923
0.10782292168156928 0.500605156099613
0.8428336409163187 0.28416279589962845
0.6967070212525173 0.5420702642505936
0.08999216127838704 0.06003901550184522
0.36191991388672634 0.5867639816661915
0.2099463660361584 0.5367235904435886
0.20369131713333308 0.5557202839249097
0.9108753916975613 0.26028141925121684
0.953229771729331 0.49820179772293244
0.43334672439010163 0.383772308064492
0.354115283786214 0.17067738089164802
0.6824085593453487 0.18285391077662388
0.20345977036048807 0.4924751545781213
0.34894672253538556 0.49826710993525664
0.8474203924790734 0.9450841573828488
0.7733193230130022 0.26369469905434956
0.2200178358217427 0.35843518303540006
0.33689971827542514 0.6627507555914757
0.2294061530631695 0.669468898039991
0.704514394152121 0.24211040466122435
0.6375164833511653 0.9788532102689262
0.9158322664373497 0.24090541881732835
0.35543331821105595 0.542515545800724
0.4502942647362488 0.827170307070104
0.8577042651356841 0.226034794597963
0.4365785950099853 0.19067243783108806
0.41884794320026986 0.7953720545732164
0.27956910794359985 0.8198956360723642
0.669851159514857 0.16728754609192098
0.4519220539290157 0.34309114371880556
0.8608551457744115 0.5365023000654442
0.035307785418492124 0.1254497816042619
0.4469899707240405 0.2077488325249566
0.5131869078082066 0.8907668120638792
0.7242713810111813 0.8429356332893463
0.17769665269016477 0.4263241914118923
0.23059813160463719 0.341462930941277
0.38717165627087263 0.5740223370876958
0.788759517303911 0.4148379241970594
0.4755217081572137 0.8399599942610407
0.29235879513453666 0.7946681926513992
0.17365158453656648 0.12787043079084523
0.5459982397430436 0.5994014353177336
0.27299829886767707 0.86413164479928
0.6296413005857692 0.8943666344334033
0.35566486498390104 0.6057606751475125
0.7331232578848532 0.5680290336655275
0.464066365417909 0.1973374568109014
0.5318435421532488 0.9477925079817318
0.09724331600292549 0.10416860597310165
0.09547742000533332 0.8077460053113419
0.6136036304844675 0.16126961638349868
0.11041992693189985 0.1291961293109478
0.5048841737854595 0.14902693497486727
0.7071644884699193 0.6044452702978634
0.536623498973096 0.5817346802252928
0.5194057859232207 0.90977537736983
0.36215146065957143 0.65000911101298
0.28872836725631124 0.14027094823815273
0.8140080786903017 0.8913848344142988
0.2474189244858034 0.9145865316412098
0.7599212659157109 0.3661721738497055
0.6624562375150902 0.6055279967453179
0.8320267660455869 0.932315591871161
0.9482728969895425 0.5175777981568209
0.5115491927652728 0.12153916456694354
0.9302513921314498 0.2652382939910053
0.019824525596177436 0.7423499842739949
0.059728496856070554 0.7451200163477485
0.7248312435623601 0.5950705295279158
0.7959893913350164 0.8504540769574367
0.24416420215451898 0.1440173049723946
0.32995002905406456 0.4920120610324313
0.07968048248601711 0.7465050323846253
0.027311366894232948 0.9233028709803911
0.1295219940653101 0.1351215855153837
0.14862406119872035 0.1410470417198196
0.607290519342859 0.5442357171455025
0.2919566420914226 0.4795019632267806
0.42616721929593004 0.17359604313721952
0.36840650956239673 0.6310124175316589
0.1774777584827053 0.23764469574443536
0.38091660736804733 0.5930190305690168
0.2667048997072763 0.4922436078052763
0.2484028465444905 0.6757239469428163
0.735647123521527 0.21699560500024084
0.6833406235543191 0.8609543206446315
0.3874032030437177 0.6372674664344843
0.1909496725548374 0.5304685415407633
0.24280869834566907 0.10744266513733242
0.680122992607531 0.5961532559753703
0.18827694847305926 0.40935193931776925
0.5000452896563611 0.9792388295177108
0.07681555034941268 0.03501149216399906
0.4459041242205934 0.3993386727491949
0.9352082668712383 0.2458622935571168
0.49299797446572136 0.6275256576275764
0.04864836856105629 0.9047359013873213
0.7991247653087532 0.29362504685394003
0.5256246640382347 0.9287839426757809
0.15454951740315623 0.12194497458640934
0.7888856876977052 0.2511372992238578
0.8126408939523228 0.48287967497830175
0.1677261283321306 0.1469724979242555
0.6999552005948806 0.6761950171150809
0.7405452654818223 0.36121529910991707
0.5719570091579775 0.5629851986853976
0.36794341601670655 0.5045221588380819
0.7355883907420339 0.38059129954380555
0.6979749240300517 0.17029651094613213
0.7545128926506571 0.4680090507589364
0.04588808120138661 0.10847752951013882
0.37466155846522203 0.6120157240503379
0.5542902540655368 0.5723599394553452
0.1477215937661251 0.17195930420750577
0.7805957649015299 0.8376855114457489
0.8027271444727458 0.5216316758460788
0.8234576404824302 0.27920592115984
0.3999133008493683 0.5992740794718422
0.19026167110516246 0.29274979149847047
0.502372715235669 0.6451924127200171
0.5380624202682629 0.9668010732876826
0.7230897236910352 0.20142924031553794
0.6894977333774785 0.613820011067811
0.6924785347352762 0.354605462722003
0.8365222706007345 0.5509214257595443
0.6977897476999717 0.5867785152054227
0.26020861167674025 0.8893590882202449
0.19466890478428783 0.4369044871947868
0.5802490234804707 0.5359437028230093
0.01833553332436905 0.11486948582136741
0.7105323238605434 0.18586287563083503
0.07344062907840418 0.10208557319891023
0.7421865936435963 0.28880949871533307
0.39342670517369793 0.5550256436063747
0.06721533815412607 0.9260729030541447
0.20723392319928552 0.30333008728136496
0.5144678550108444 0.049487229057227536
0.7678271993898421 0.8530791378792354
0.07564424591796687 0.17416292104706843
0.5446332293441856 0.9225650645607668
0.11265937356152632 0.8490349926081119
0.6705720580426313 0.876347947078118
0.5117474560056166 0.6628591678124579
0.4878077790915909 0.15943831068892247
0.4982191548056461 0.17651470538279102
0.22420617529340858 0.31391038306425945
0.7082472149173737 0.6491535212526925
0.0810654985228939 0.7265530467546787
0.2097148192633134 0.4734784610968003
0.7652021384680434 0.8249169459340611
0.7088777545776948 0.8301670677776585
0.11421487799279786 0.5281577039766305
0.5417897367693751 0.16780908650556814
0.6194977959958801 0.9379224528120641
0.37443001169237694 0.5487705947035494
0.7259139700098145 0.639778780482745
0.9446705178255499 0.28957116916468223
0.9496273925653383 0.27019516873079374
0.2177811750078229 0.12061927606630678
0.6322663615075679 0.9225288263785776
0.02891582910726354 0.09789723372724433
0.2158294963500768 0.4029599830065407
0.7352887107797621 0.6574455355751857
0.19141276610052751 0.6569588002343403
0.5304969375455117 0.6981926779973394
0.33064466937259984 0.6817474490727967
0.2733502298285858 0.8008870707664133
0.35520177143821086 0.47927041645393564
0.021209541633054215 0.7223979986440483
0.6657044168574535 0.7396527496098052
0.8383282647017956 0.22107791985817454
0.11840321746446376 0.4836329040054901
0.6417273949996622 0.16427858123770983
0.07829546644914033 0.7664570180145719
0.7482045233520187 0.23256196968494375
0.7763282878672134 0.2355709345391549
0.35589641175674613 0.669005804494301
0.7260986885452464 0.17330547580034328
0.10909422841179728 0.06596447170628114
0.0866623301157803 0.5345496602878592
0.18682819546554086 0.15289795412869142
0.7933643304132177 0.8222918850122624
0.38068506059520224 0.5297739012222283
0.9545842673051268 0.25081916829690526
0.393658251946543 0.6182707729531632
0.429913576030172 0.2181602082390118
0.061113512892947336 0.7251680307178019
0.2059302625989511 0.15882341033312733
0.5062641677713752 0.9982473948236616
0.7424979986548008 0.5856957887579682
0.7637708880367217 0.220004569854452
0.8500454534008721 0.9732463493280231
0.4195022003161168 0.20108381354514326
0.855898271034623 0.5558783004993327
0.2861399170195226 0.7756596273454484
0.3162161376642351 0.1469359672179661
0.19720472145766274 0.5114718480594423
0.34964136285392083 0.6880024979756221
0.19275365166997674 0.13379588699528114
0.9433160222497541 0.5369537985907095
0.41778035970539873 0.39632970789498373
0.5171964775220386 0.2647377798816439
0.6954874995894874 0.32648169820680834
0.3324648378694332 0.019908490892402625
0.20084196688805694 0.2757775394043474
0.5272487582031484 0.5640679251328521
0.7779707039797312 0.8095233195005745
0.36168836711388125 0.523518852319403
0.2722944369458596 0.9906207928650133
0.5854798659692728 0.15826065152928753
0.7154565027924125 0.5774037744354751
0.10184307368725885 0.021834881235024715
0.7498085120345569 0.8121483804223733
0.5211328739906578 0.0219994586493038
0.12898351324735824 0.466660651911367
0.6854175241995599 0.15473014626142922
0.0035668980698086647 0.1763665378866311
0.2729599486101016 0.4732469143239553
0.7342059843323077 0.6127372846203566
0.43283223827574346 0.14610827272929575
0.7625770775462447 0.7967547539888867
0.7351368922167686 0.46305217601914794
0.5449155132955892 0.5546931843629045
0.4090908246020615 0.18400741885127472
0.493645103582734 0.015334439669490454
0.2116411568784109 0.4474847829776813
0.7883080187786458 0.4972988006724018
0.507648042545758 0.2210476506817463
0.6578034925309435 0.8917415735116045
0.08716732378407263 0.9274579190910215
0.4024258056222483 0.21149518925919847
0.21781421898218 0.2863578351872419
0.6553278756574479 0.4359677914133758
0.24117842738753167 0.32449067884715393
0.7594697673904456 0.4486330503250479
0.7512134882062299 0.2044382051697491
0.1459557653414813 0.4772409476942615
0.21142226267095143 0.25880528731022434
0.811383017768503 0.8632226424691245
0.48907271300684385 0.2617288150274327
0.19445001057682837 0.24822499152732985
0.5248792307248995 0.06656362375109608
0.33620507795688986 0.47301536755111034
0.11377708957787892 0.1507987126417168
0.007755237541474561 0.13184173791549048
0.2136258795105141 0.3308826351583825
0.9239400218158655 0.531996923850921
0.27886524602178236 0.9463847841380975
0.3370388890923455 0.18108875660570323
0.5178740174332008 0.5464011700404113
0.047263352524179514 0.9246878870172679
0.7206022992504709 0.35761442757621414
0.09824745207908689 0.7678420340514487
0.2716519725624427 0.15068232395220793
0.47402788873578805 0.402347637603406
0.6041041695623935 0.9251538873003763
0.11127435752464954 0.8689869782380585
0.04852948645586824 0.557913868693211
0.7386560883757382 0.18887184048504618
0.4945302734631645 0.8337411161460266
0.20503030635972286 0.2312527394332068
0.06583032211724929 0.9460248886840913
0.07608203433288581 0.5515219123819823
0.46930283004219964 0.8209514289550899
0.6127041515801313 0.767776971919648
0.3920144299081929 0.19441879456532993
0.5355407725256416 0.5370264292704637
0.521960568479328 0.13861555926081207
0.3474502648064007 0.19816515129957177
0.12479517377569235 0.5111854518825074
0.5046390776915468 0.24917141519694097
0.6033294108101837 0.7501102168272072
0.13261135919147288 0.8504200086449887
0.06444530608037251 0.9659768743140379
0.2539632551287806 0.46699186542113
0.7020269697115568 0.39829559192190056
0.039496124890158024 0.08092498163312126
0.5913356040507057 0.9405475137338628
0.01414719385270315 0.15939428579250803
0.9640465182594384 0.2945280439044707
0.24214779764166516 0.6947206404241374
0.6873322804825697 0.5244035091581528
0.22200255845384592 0.24183303521610128
0.9014131407432496 0.21657254364365142
0.5625822683880299 0.5453184435929569
0.22503232973236137 0.16474886653756324
0.6728601243690682 0.13916378157672632
0.26677942075266303 0.8451230794933291
0.7495560179108687 0.4873850511928249
0.2792171769826911 0.8831402101052308
0.5007491515781786 0.8527496814519775
0.22222145266130539 0.43051253088355823
0.6142476741522827 0.8815980689217154
0.5202054423762498 0.23661401536644922
0.5021516532509825 0.4053566024576172
0.26607555883084555 0.9716122275590624
0.34338631395109553 0.7069991914569431
0.6678852754879396 0.45153415609807873
0.7693835168700225 0.40988104945727094
0.10711930941401919 0.9288429351278983
0.642409866097457 0.8789730079999167
0.29539338623612466 0.11278317783022901
0.5147090530814743 0.4209229671423201
0.7049990355750104 0.5150287683882052
0.5189567438806553 0.5911094209952404
0.4765153131763521 0.24616245034272982
0.011943577013140465 0.08731693794434985
0.6927459127198419 0.7479447639322984
0.8171462701668459 0.5459645510197558
0.08406670507395113 0.0791410826352555
0.5570709855742138 0.9605821951726685
0.5636649948354844 0.590026694547786
0.39867944888800627 0.16693102415740618
0.5095820031107077 0.5734426659027997
0.5286255874591413 0.11112778885288835
0.2369900879158658 0.36901547881829455
0.8820371403093611 0.21161566890386296
0.1880580542655998 0.2206724436503123
0.1312263431545961 0.8703719942749353
0.44407538662123475 0.8081617417641531
0.6572937596843652 0.15172118140721808
0.47049738346792974 0.30240997937311914
0.7216463200893826 0.814773441344172
0.10363458220990338 0.5451299560707537
0.7529554658722029 0.6480707948052381
0.0968624360422101 0.7877940196813953
0.593954670040236 0.7324434617347665
0.5762879149477953 0.7418182025047141
0.49208167786105506 0.23360505051223807
0.5532075276180823 0.5276516885005161
0.6679469971208326 0.8481857551329437
0.3853494109283797 0.22190656497325367
0.2982116909942479 0.46050526974545963
0.705035934565768 0.3701718274067059
0.23478647107630307 0.2969381309701364
0.3957607866424349 0.2389829596671222
0.3811481541408924 0.6562641599158053
0.8076840192125343 0.5022556754121903
0.7918946525519164 0.22301353470866314
0.5012899887882145 0.600484161765188
0.2598566807158315 0.9526036622531115
0.211855718803387 0.13972134319971702
0.5709565821118637 0.4269408968507424
0.8284145152222187 0.2598299207259515
0.6168727350740814 0.9097602608668898
0.3816030541941378 0.17734239987146136
0.5302754177661773 0.4083655673118283
0.4250668213152839 0.8143806198791672
0.9397136430857614 0.3089471695985707
0.24757038369876025 0.3520432267241715
0.7549643911759224 0.385548174283594
0.2283945147650745 0.26938558309311883
0.025926350857356163 0.9432548566103377
0.19863835004849428 0.20370019155618924
0.5573561014540781 0.15525168667507638
0.6146467113117614 0.4173924618744618
0.5759419776172192 0.927778948222175
0.001257556003107653 0.7210129826071715
0.5988540477187961 0.8688295034100276
0.6067292304841923 0.9533160792455506
0.08855233982094941 0.9075059334610749
0.23919370475542845 0.4410928266664527
0.7187046821347758 0.7115285272999624
0.5182142117450861 0.09405139415901981
0.4919152480182669 0.5828174066727473
0.15256334482141945 0.8518050246818655
0.6807155626325204 0.8327921286994572
0.24145315732313005 0.5049852523837719
0.4630839519271856 0.801942863649139
0.6291699951691705 0.14871221655300693
0.818952264267907 0.2161210451183861
0.2325828542367404 0.2248607831219782
0.18166609795437122 0.19311989577329475
0.5384143512291716 0.903556499254816
0.6574124025349604 0.7666942454721936
0.20524920056718232 0.41993223510066374
0.4674884186137186 0.3305337438883138
0.4883113953481505 0.8147325508400758
0.05771348321600242 0.02908603595956316
0.8628140189125599 0.9578527228945366
0.6270162396639705 0.8662044424882289
0.5190538549623119 0.9730199514026967
0.0564683769842811 0.09150527741601575
0.8654390798343586 0.9860149148397109
0.5086305305197013 0.19359110007665956
0.609354291405991 0.981478271190725
0.7797487648748647 0.2886681721141516
0.10988934148777275 0.8889389638680051
0.24770820622595538 0.4859885589024509
0.4061683497521936 0.5802773859905211
0.19118121932768242 0.5937136708875518
0.24536676685919756 0.2799658788760133
0.45686507381217156 0.7829342983431882
0.5447987016235863 0.13968532199037348
0.13118713008692093 0.538737999759525
0.7176219556873213 0.6668202763451333
0.7689320183447572 0.49234192593261333
0.04254654329987756 0.7038310290509785
0.33037387011253216 0.20857652701362697
0.7306315160022454 0.39996729997769404
0.7445991431710802 0.5067610516267134
0.5315442497047129 0.039075853343172345
0.6551784316091448 0.8635793815664302
0.3266275133782902 0.1640123619118347
0.8087579568467043 0.8350604505239502
0.06496463794054087 0.07321562643081961
0.7370399465228691 0.8275420068558598
0.08578230774719585 0.9474099047209681
0.7793372527214246 0.20744717002396024
0.7601647537472416 0.5763210479880206
0.5729224661387811 0.14269428684458463
0.7301800174769801 0.48242817645303643
0.5575384334079001 0.7064846923198326
0.750790012977294 0.5586542928955799
0.4124233986550189 0.5612806925092001
0.740093766956557 0.44367617558525946
0.23897481054796899 0.25241333099899577
0.10573429337714241 0.9487949207578449
0.24706699352489467 0.9778311056740765
0.16711635690727028 0.4432964435060154
0.457939983637438 0.28684361468841624
0.18469462365201209 0.5494652350220843
0.39968175407652323 0.5360289501250537
0.3686380563352418 0.6942575468784474
0.5107214982766026 0.0049230639554352605
0.4251650432335146 0.5865324348933465
0.8626611398754725 0.2066587941640745
0.3199624943984769 0.19150013231975843
0.6397456474425196 0.7760689862421412
0.3578616405204559 0.2152415459934403
0.6014791086405948 0.896991695355202
0.5553902174271608 0.43949829668123414
0.7667798528909329 0.19188080533925733
0.5834604212853096 0.8560609378983398
0.5785670385390179 0.9559411401673493
0.8061328959249056 0.8068982585787758
0.4483915486611574 0.24315348548851867
0.714373776344958 0.532695523480646
0.022594557669931 0.7024460130141017
0.7823462175756358 0.17932340550876558
0.3044667398970732 0.44150857626413864
0.525272733077326 0.9920285167086476
0.7269966964572689 0.6844870314375741
0.6990180048573456 0.4264193564370952
0.2792149975129269 0.45425022084263433
0.4574013464380957 0.22482522721882514
0.15117832878454268 0.8717570103118121
0.8782076453460465 0.9706212884062244
0.412654945427864 0.6245258218559886
0.5939606649725044 0.9687097056790371
0.07089009414497677 0.05411355929740935
0.7838026425641226 0.4342139246309479
0.37419846491953185 0.48552546535676094
0.6447363598538735 0.13615481672251517
0.3407852458265873 0.2256529217074955
0.7778315088396823 0.566946307218073
0.7252231427371917 0.5018041768869249
0.6934841281442082 0.8173985022659707
0.12707129504396575 0.9302279511647751
0.13399637522834967 0.8304680230150421
0.21561060214261735 0.21428048733908373
0.706252693655896 0.8020048758324841
0.6779575397126221 0.5067367540657121
0.4189099943306893 0.6055291283746675
0.09305428642700889 0.5621022081648768
0.4128371813363034 0.228571583953067
0.4661573331748102 0.0086694206896771
0.6010462306539758 0.14570325169879578
0.6908590672224095 0.7892363103207963
0.12845631108084254 0.9102759655348285
0.7639751436049688 0.5117179263665018
0.36145682034103616 0.46027372297261465
0.29288282918280295 0.7324824806139345
0.38694010949802754 0.5107772077409073
0.7695394945171892 0.5939878030804614
0.8185007657426417 0.2985819215937285
0.6220788923500788 0.7854437270120888
0.4991426883967714 0.43348036697281184
0.4328251839764545 0.25571088531901043
0.2602183040316059 0.44799517193980903
0.9207891411771382 0.22152941838343987
0.48658528856627964 0.41791400228810893
0.19766781500335284 0.6379621067530192
0.34246012685971516 0.45401867406978935
0.004004686484727599 0.5537255292215452
0.7280794229047234 0.7291952823924032
0.5002072623407601 0.5557759108103589
0.11681442167215667 0.7891790357182721
0.5069680296931927 0.8717582467579283
0.4915541358258328 0.20400247579071473
0.24120004637078934 0.895577966335259
0.0827410065538486 0.015909425030588814
0.29913974297036644 0.15734734293202127
0.8294017051237882 0.9041533999259866
0.5457019821530099 0.10071641313883316
0.6750791576274011 0.757319504702246
0.0059743652274096 0.9418698405734609
0.8755825844242477 0.9424590964610501
0.4753312193732806 0.636900398397524
0.542832817596669 0.42393193199653123
0.31813457156694924 0.7197408360354388
0.7872062496096299 0.5846130623105138
0.48209251723313645 0.7957239855341249
0.5034554416831234 0.6899006636748463
0.7457461779971641 0.7198205416224556
0.71576089178288 0.4580953012793595
0.544281298383277 0.9858096385936335
0.10850432545089597 0.9088909494979517
0.7435807251022553 0.6304040397127973
0.5084992766632532 0.5287344149479706
0.7135412887147546 0.15773911111564037
0.7291076533994576 0.14518171128514862
0.14979331274766589 0.8917089959417587
0.2820633482764979 0.16775871864607647
0.7344148856010704 0.7993798149106854
0.25396234000998885 0.37959577460118904
0.4378565085062207 0.7891531764582023
0.7518727394247484 0.603362543850409
0.3511966215406425 0.24272931640136405
0.527266452911966 0.436489331827023
0.022523872796034954 0.07034468585022677
0.5856626557177429 0.7594849575971548
0.5990803466270584 0.42994986170495353
0.5382092686845263 0.011588082935248607
0.03310416857892944 0.05337243375610369
0.48362323369577376 0.6098589025351356
0.4186784475578442 0.542283999027879
0.7363714372272165 0.7021537865300148
0.588488830823484 0.13013688701409287
0.32346343337839417 0.44776362516696394
0.5706918557736218 0.8714545643318263
0.3431656129373752 0.7570029930004061
0.6602907846201813 0.5161114948356597
0.4063998965250387 0.6435225153373096
0.4249334964606695 0.523287305546558
0.6523189108032367 0.4640915559285705
0.020976938578850676 0.5643058250044397
0.45846152405108515 0.4149050374338978
0.4825405072483193 0.5651506515803065
0.6603027245385764 0.12359741689202343
0.7396422684312918 0.5261370520606019
0.25175872317042614 0.30751842675303087
0.6956242948050628 0.49736201329576446
0.764426642130234 0.4292570498911594
0.7949036174061276 0.19488977019346848
0.18408860900139334 0.45387673928890987
0.831565395860946 0.5702974261934328
0.5011010825390874 0.7895051074191108
0.43936465409852393 0.32752477903410265
0.9690033929992269 0.2751520434705822
0.17350831321849886 0.47084899138303293
0.037949190672973754 0.5748861207873341
0.5669131741778477 0.7241514474122733
0.8241515832801908 0.847829016035638
0.8447953315572747 0.9169219654376745
0.8044520523824081 0.23857989939336605
0.48578868659068264 0.6992754044447939
0.4207893245596099 0.36820594337978907
0.588710543128907 0.9123853217886885
0.5197577168841294 0.8465308033369634
0.7009838888842629 0.14217274643093747
0.4082319247291181 0.35263957869508616
0.24338204422709436 0.3965680266953121
0.842170270635476 0.8887597734925001
0.8509413962948346 0.5752543009332213
0.8575638970689625 0.9015283390041879
0.5419556254187681 0.056152248037040886
0.9257460159169266 0.20215341794955138
0.3683930563583401 0.7697926801913428
0.1565360611243758 0.46026869560013844
0.761247480194696 0.6210292989428498
0.2287115127446344 0.4797335099996256
0.6321789600233817 0.12058845203781227
0.4908325215708125 0.5381091557179182
0.7684567680697347 0.5492795521256323
0.7540381923196573 0.6927790457600672
0.7551209187671117 0.7374872967148963
0.6116377464575502 0.44551622638965643
0.26454263579288334 0.362623522507066
0.0045893491905328165 0.9618218262034075
0.44289515936638224 0.42746243726438954
0.5835139819423555 0.4425072615354453
0.7542224530604411 0.17631444065455443
0.750007516436134 0.4049241747174825
0.8014430875281969 0.2667036639085607
0.49516342736063024 0.7169421595372346
0.4710189238815769 0.4304714021186007
0.7861235231621755 0.5399048113556847
0.983422518693327 0.29948491864425913
0.2687309752645492 0.31809872253592536
0.9063700154830381 0.19719654320976293
0.5632898636892278 0.9795907604786194
0.7833511440388573 0.5166748011062904
0.36771186924386146 0.44127702949129366
0.06249852892982412 0.7052160450878553
0.27388613570148196 0.7262274317111092
0.5590320201126366 0.045740872322985696
0.843285139441584 0.20170191942428606
0.04393155933675434 0.6838790434210319
0.6653219361990339 0.8200235631877694
0.45493101878322684 0.3149673792036109
0.8333713899620071 0.24045392029206303
0.2664733529344312 0.42899847845848804
0.7207177665226685 0.438719300845471
0.5135388387691154 0.8275222380310125
0.5950373964876905 0.7771517126895956
0.2671313517135718 0.7818785054604624
0.4731657664783717 0.5474838964878658
0.9401651416110267 0.22648629312322832
0.17867112152203185 0.6317070578501939
0.4814577808008649 0.5204424006254774
0.4744777411319642 0.21441385150476994
0.11542940563527988 0.8091310213482187
0.4506461956971575 0.7639257330372373
0.024541334820479377 0.9632068422402843
0.512830182453071 0.707567418767287
0.526166031755694 0.519359674178023
0.5398716783154593 0.7158594330897802
0.5352906064389547 0.08364001844496462
0.4001448476222134 0.6625192088186307
0.8883511499359356 0.9270654700275636
0.13538139126522644 0.8105160373850955
0.4423736189527351 0.299401014518908
0.549246419085407 0.7335261881822209
0.18492617042485718 0.6127103643688728
0.11819943770903345 0.7692270500883255
0.20921864583138877 0.18672793946206617
0.12060683430402645 0.5557102518536481
0.22861340897253396 0.4580650787605758
0.31720838447556887 0.46676031864828493
0.423798289413821 0.3400821788645944
0.1922463937372657 0.17614764367917168
0.47641394582073504 0.6816086493523531
0.7471834511127582 0.7839861884771989
0.4268072542680322 0.31195841434939975
0.23280174844419987 0.41354027878943517
0.9189831470760771 0.5513729242848096
0.7590820272997871 0.5316127970331915
0.4314200921363399 0.5675357414120255
0.7979125822603388 0.16676600567827382
0.2854700464157522 0.43525352736131334
0.1298413271177193 0.8903239799048819
0.28662778027997765 0.7514791740952556
0.4441617367148356 0.5927874837961719
0.17820802797634175 0.505216799156617
0.4758736391181224 0.7767154202281741
0.4940807009131758 0.6722339085824055
0.7954982639321231 0.5575715664481254
0.6804426753184314 0.46710052078278164
0.9140262723362886 0.5707489247186981
0.6272041111422532 0.4329588265591647
0.8601889579907612 0.9296905309493623
0.5860854822071083 0.8842231298435141
0.3786843919485664 0.24939433538117742
0.13676640730210324 0.7905640517551489
0.6525533706873461 0.8354171896212559
0.2581506794816547 0.3350709746300484
0.2917250953185775 0.41625683387999235
0.759952016624446 0.7685925620437124
0.15394836085829625 0.8318530390519189
0.2709345921041119 0.39017607038408353
0.30955111868442164 0.1744237376258899
0.9011197154476234 0.911671843594077
0.17251533045136602 0.8531900407187423
0.725674641262457 0.4193433004115825
0.11002653852113196 0.5726825039477712
0.5773706413952497 0.7865264534595432
0.38740162166429093 0.7635738020763287
0.7317898246792717 0.7712176229655111
0.2346292372948666 0.9398139750621748
0.8239091390076955 0.1967450446844976
0.7697888177451441 0.16375704082406267
0.37493803521432434 0.20483017027938513
0.36217417824332604 0.750784114885392
0.7706222209646436 0.6386960540352905
0.39567452489862637 0.33707321401038326
0.12568627900708898 0.9501799367947217
0.7727876738595525 0.7281125559449487
0.05492144276709683 0.5854664165702286
0.8869940150491495 0.19223966846997448
0.8267766442019895 0.8759912079808123
0.3811827435492769 0.7445652367703779
0.27512293157577783 0.3456512704129429
0.17113031441448925 0.8731420263486889
0.47424849292582616 0.5921921474426949
0.06363893942043834 0.009983968826152914
0.3645266595002692 0.18775377558551656
0.6780905017107217 0.8046299367542828
0.027368894890079265 0.5918583728814573
0.0055516207019118795 0.05976439006733228
0.8996071466421885 0.5464160495450211
0.24955510633086347 0.2354410789048727
0.3926655600444152 0.3651969785255779
0.14702328067391232 0.9316129672016519
0.17218452584636143 0.5874586219847264
0.9739602677390153 0.2557760430366937
0.8134789469450417 0.15420860584778207
0.5733169166954205 0.8996167562770007
0.7165502535689658 0.1296153466004457
0.9451220163508152 0.20711029268933984
0.8290453116297447 0.1416512060172903
0.08439729171031907 0.9673618903509147
0.737454163674671 0.7468620374848439
0.31187952266412394 0.7387375295167599
0.7904544289519932 0.7187378151750011
0.5486206443985815 0.028664477629117148
0.14176742586981542 0.5217657476654018
0.0026425720399844374 0.7010609969772249
0.7104126678122826 0.7385700231623508
0.4379066878120103 0.6117841772774929
0.9626920226836426 0.5419106733304979
0.1656979301706911 0.543210186119259
0.1243012629702122 0.9701319224246683
0.6397615109727449 0.4485251912438676
0.7789142352871368 0.6116545581729022
0.41124088958332927 0.3245158141798915
0.5523670011328232 0.07322864273090943
0.5259765949991435 0.8655393686429143
0.04449332045042595 0.9645918582771611
0.7190212591675839 0.7866112493989976
0.5552856633783949 0.0011767072211934133
0.33713126504827023 0.7259958849382642
0.5315796639929662 0.7429009289521685
0.3051484823254735 0.7694407492304343
0.5603650663082893 0.12712792215988172
0.604055195508187 0.11757948718360113
0.10101748415284045 0.7279380627915555
0.46703920505078744 0.6639418942599123
0.13537546955858684 0.49421319978838435
0.0638835449667009 0.6852640594579087
0.4774966722681895 0.7263169003071822
0.9676488974234311 0.5225346728966094
0.7623302066421505 0.6657375498976789
0.405222959874907 0.3807633432102808
0.26114449112298627 0.7009756893269627
0.5398238527424578 0.4520556965117259
0.15944288126786577 0.56220687960058
0.4847059601432282 0.6545671534899647
0.790739269491419 0.794129693067088
0.22841035917985253 0.9208054097562239
0.6397848051756583 0.8508108160547424
0.5242574880577549 0.46461309634221765
0.17241607261920652 0.6507037513315149
0.2481227864076209 0.7880973835754765
0.08383553059664746 0.6866490754947855
0.3682730162345111 0.23231794068730885
0.19108230004443583 0.8745270423855657
0.260560542637649 0.8261145141873782
0.25328587163990873 0.9968396709800273
0.5960713817728472 0.4580736262201482
0.2280584282189438 0.9840499837890906
0.17195297907351642 0.5242134926379379
0.4504167856176609 0.5737907903148508
0.5627783768468785 0.09030503742477797
0.6243911787421718 0.8380422505430546
0.8215265223583921 0.8196668240904637
0.9820680231175312 0.5468675480702864
0.6648763106337284 0.4796579206132734
0.6426240295277406 0.5254862356056073
0.9383591475099656 0.556329799024598
0.5508521074591997 0.9415736298667177
0.872957523502449 0.9142969045158758
0.30288609970460834 0.20191150803381364
0.465956478603333 0.6192336433050832
0.4637910257084241 0.529817141395425
0.5222049232230186 0.7252341738597278
0.9577351479438542 0.5612866737643865
0.2727284018372565 0.41000178497716705
0.431651638909185 0.630780870758814
0.5321954731141575 0.8845479339488651
0.04453687228702809 0.004058512621717015
0.7446634515497097 0.6751122906676265
0.2431631500196349 0.20788853102785515
0.7634129330896049 0.710445800852508
0.15533337689517304 0.8119010534219723
0.2539897335617262 0.870350522914294
0.01613191648480637 0.0427921379732092
0.1523477216527099 0.5047934955712787
0.26652735842498654 0.2460213746877672
0.16974529837761246 0.8930940119786355
0.771704947412098 0.6834043049901196
0.4493724499583467 0.67331663502986
0.8857260890141369 0.8989032780823892
0.5409544047629138 0.7605676840446093
0.6884264890537711 0.12660638174623456
0.2110342856743824 0.8759120584224425
0.6247479178394775 0.9942468367024128
0.09944624273823748 0.5896547560418943
0.3623830074324165 0.7132542403597685
0.8048730047020707 0.5752383215405662
0.25457557786857415 0.16109369966626313
0.5962289867969974 0.8406673114648533
0.17528536252511961 0.8132860694588491
0.14840829671078912 0.9116609815717053
0.7039928537384741 0.11404898191574281
0.12699879061525504 0.5832627997306656
0.6758690892232794 0.11104001706153169
0.7998291697219408 0.7364045702674419
0.5368148878882466 0.48017946102692055
0.026712212267700857 0.025819885879086128
0.9789171424788038 0.23640004260280523
0.7450506416963455 0.424300175151371
0.6249572744352998 0.5348609763755549
0.28570322735867226 0.32867901831881985
0.6491203882124672 0.7937357413345819
0.40019130885522775 0.7383463586553638
0.7108040170430916 0.477471301713248
0.5523812525729496 0.4676220611964288
0.16292801743560437 0.487821243477156
0.277107654207881 0.22904912259364413
0.5073199606541013 0.8085136727250617
0.4720830400309173 0.5027756455330367
0.785355182429847 0.15119964099357092
0.45766446428083984 0.6462751391674716
0.6196215601928899 0.10502208735310936
0.7416650532299494 0.16074807596985152
0.24084811540988063 0.9588225403681256
0.5263285259600522 0.8022947946100476
0.004027588076861222 0.6811090113472783
0.5586211598553545 0.7511929432746617
0.8703173967287231 0.5802111756730097
0.001363281230245976 0.10428919003847292
0.7572314179146523 0.14819067613935977
0.2815148878870064 0.37320381828996047
0.9138882809593112 0.8962782171605905
0.6166125953386787 0.13314585186830402
0.523287649670473 0.7699424248145569
0.48974979512335803 0.49340090476308907
0.44538258380694623 0.27127725000371333
0.34871517576254046 0.43502198058846836
0.24155197733169811 0.8323333923023923
0.19789936177619785 0.7012072360998077
0.5731897525609336 0.10738143211864651
0.1924673160813126 0.8545750567556191
0.7036276327340973 0.7738426838873098
0.22315110416034417 0.688465591521312
0.6834516401726426 0.438976756267587
0.38045351382235715 0.46652877187543995
0.26013540211375796 0.21846882681074964
0.6477453247080847 0.10803105220732052
0.8896933971626116 0.5851680504127982
0.666787143304908 0.7843610005646343
0.334120226846774 0.25314069211541923
0.23098627130432897 0.8772970744593193
0.624195146288042 0.46108259107435934
0.08245051455977068 0.7066010611247321
0.22619089792551184 0.19730823524496066
0.38010816021392346 0.349630613840875
0.48357632371206866 0.4460377668033036
0.5325474040750663 0.8213033599159985
0.3876347498165628 0.7005125957812728
0.3107217887998985 0.42251188278281765
0.8808327062678452 0.9987834803513987
0.4316376303912067 0.7701446111522514
0.5708742827105231 0.5182769477305685
0.38670856272518245 0.44753207839411896
0.10434927734026563 0.9687469063877915
0.4126290650852558 0.7763634892672655
0.7821624146295001 0.7457793110373895
0.7163961982457852 0.7584490574538233
0.5979157785729114 0.5265689620530617
0.08301227567344228 0.9873138759808613
0.24777085544671215 0.8513419576083432
0.39319515840085284 0.4917805142595863
0.13815142333898003 0.7706120661252023
0.003204333153656032 0.9817738118333541
0.1567183929320498 0.7919490677920257
0.22876229014076127 0.8575608357233573
0.611622613230484 0.8534358769765411
0.11958445374591023 0.7492750644583789
0.4376751410391652 0.5485390479307044
0.7810796881820457 0.7010710600825604
0.4948822044240733 0.77049654211316
0.3026754794527953 0.33925931410171434
0.5761084148065052 0.035329496608930505
0.8946502719024001 0.5657920499789096
0.43170569486590593 0.6826913757998075
0.15318783236504044 0.5812035730819011
0.5387662821900804 0.8403119252219493
0.39945020730367814 0.4727838207782653
0.41844690078499913 0.4790388696810906
0.4696547610031084 0.7577068549222232
0.5656970390924501 0.018253101915061954
0.1581034089689266 0.7719970821620791
0.8703324625806503 0.8861347125707014
0.5694433958266918 0.06281726701685424
0.39296361162800775 0.42853538491279797
0.8446116763144477 0.12909380618679855
0.5885410378029639 0.5089022069606209
0.1938523321181894 0.8346230711256725
0.6914354539079823 0.09848261723103995
0.8459845215550461 0.5946303013671098
0.4544162849384765 0.5121503863029843
0.867618014615261 0.18728279373018603
0.02315631878360259 0.9831588278702309
0.9113268902228265 0.17782054277587445
0.8142477454720183 0.592905076633007
0.6351879248775929 0.09246468752261762
0.6493099459490255 0.49221532044376515
0.06550173854999132 0.5684941644761055
0.0824739906441144 0.5790744602589999
0.9883793934331154 0.28010891821037065
0.7753456430579325 0.7813611275554002
0.2979801442214028 0.39726014039867136
0.6371597442538596 0.8226486241095681
0.5791662970330163 0.4912354518681802
0.8653605219889347 0.5995871761068983
0.6337435812643225 0.5047727202742569
0.41725881929175157 0.2682682851495022
0.08886594695534299 0.6066270081360174
0.5798547715407469 0.07989366171072278
0.3813797009137375 0.7195092892625938
0.5679959006253021 0.7688596983671024
0.3616079972546977 0.2598057110952326
0.557923290261934 0.8868481907653128
0.6155825336653522 0.5171942212831141
0.9933362681729039 0.26073291777648216
0.17390034648824282 0.8332380550887957
0.19164431287337252 0.7202039295811288
0.5552982293401353 0.8586859988201385
0.8416027114602365 0.15721757070199321
0.7881142085696203 0.7659675011219137
0.32971848228121947 0.42876693168564306
0.5680667948518231 0.843292372386652
0.5969311662346155 0.06948228599666759
0.1683602823407357 0.9130459976085821
0.2096492696375056 0.8958640440523891
0.7965809903795775 0.6022798174029546
0.9307028906567151 0.1827774175156629
0.12096946978278701 0.7293230788284323
0.2920951836699009 0.3562315661958374
0.25594706264209205 0.26299362678189026
0.8372768878891843 0.9886399757615096
0.8847365224228232 0.6045440508466867
0.48866332630905923 0.7514879768072091
0.33597353118404477 0.40977023820432207
0.5167912909857464 0.5016929190855822
0.3132974754186636 0.21898790272768218
0.8395452097136773 0.8605975815473258
0.9982931429126923 0.24135691734259368
0.7799969617345912 0.6563628091277313
0.42541875227619264 0.7511360458463006
0.5695087418042419 0.9985993257845702
0.1952373481550662 0.8146710854957259
0.010396642795956187 0.5812780770985628
0.11641849483236055 0.6002350518247888
0.29247472399055313 0.184835113339945
0.3890957676626216 0.26647073007504596
0.9870248978573196 0.5274915476363979
0.5679476172576525 0.45506466136593704
0.893601271779533 0.9833898539179122
0.35497022466536576 0.41602528710714737
0.04434114698420234 0.6024386686643517
0.26498695358262936 0.17817009436013168
0.5965857258943031 0.9968718976242115
0.8752742714685116 0.5608351752391212
0.40593680297934853 0.5170322566437326
0.1594884250058034 0.7520450965321325
0.3986834897528375 0.3089494494951886
0.4142498544375404 0.29639204966469684
0.9838740172185922 0.21702404216891674
0.18969728400755903 0.8944790280155123
0.3938897987193881 0.6815159022999517
0.1669752663038589 0.9329979832385287
0.9888308919583807 0.19764804173502826
0.42233095409595833 0.6650246207073668
0.18831226797068223 0.9144310136454589
0.1659294769435361 0.6064553154660475
0.5808353603635109 0.8278987459531655
0.4399977091883991 0.6556498799374192
0.8549388361471638 0.8733661470590136
0.3748931052380671 0.6752608533971264
0.34222858008687007 0.3907735447230011
0.2753983292966846 0.19524648905400022
0.808121184044434 0.7093630744050535
0.3770991953597123 0.3777543783560697
0.5515559693810171 0.8150844818009844
0.25488944222016097 0.7199723828082838
0.6507542895622959 0.07990728769212588
0.7727977825993553 0.135633276308868
0.455452559196874 0.44302880194909244
0.5805050170881443 0.47063102605063994
0.8909762108577343 0.9552276619727379
0.31704383215290544 0.26355206782947443
0.719559218423177 0.10149158208525107
0.545337091266003 0.7960759164950335
0.6211861814338308 0.489206355589554
0.4439301899419905 0.5295423544493834
0.10240250018971724 0.7079860771616089
0.1469327834622151 0.6002002665632221
0.9771111483777427 0.5662435485041749
0.023979573706807786 0.6824940273841551
0.5045381681305778 0.7346089146296754
0.8189014614365934 0.7915046321452893
0.045878336487302725 0.9446398726472145
0.608628781603339 0.4736399909048511
0.6070641603623982 0.08945572266840646
0.4311885453634948 0.504290612065237
0.37396691814668676 0.42228033600997267
0.9595411420449153 0.23144316786301677
0.4064101869702418 0.7573549239613147
0.40570525620650344 0.45378712729694426
0.5117000882272631 0.44904673165751474
0.8482420141813725 0.18232591899039757
0.4303377595358905 0.41189607257968663
0.15341937913788553 0.6444487024286896
0.8410276468152577 0.6140063018009984
0.9500788910906036 0.18773429225545135
0.9356597653965035 0.1634014170817744
0.26763108679865666 0.7452241251924302
0.10583819904946606 0.6172073039189119
0.24791055888876082 0.18858147007418688
0.4298162191222433 0.2838346498342051
0.7070018185926853 0.0859252174005482
0.17805539459887318 0.7733820981989559
0.25434166452263496 0.8071059488814274
0.4627082992609697 0.4851088904405959
0.7987464432744864 0.6916963193126128
0.12281045114358914 0.6277875997018063
0.4444273175821435 0.7449171677312865
0.8288660137474839 0.17736904425060912
0.73512558310788 0.08893418225475933
0.15967442804071086 0.6254520089473685
0.8604036472491462 0.6189631765407868
0.5865197905205604 0.052405891302799046
0.7893717025045388 0.674029564220172
0.22254341202574723 0.8385522704174064
0.5936039258751987 0.812505119519679
0.6035961852144289 0.041994515588743855
0.816487911799253 0.1260848413325874
0.9644980167847037 0.2120671674291283
0.9090693975965002 0.5901249251525866
0.13953643937585683 0.7506600804952557
0.2082642536006288 0.9158160296823357
0.6089975523086852 0.8252736850313668
0.621766117820373 0.8098800585978803
0.39921866053083305 0.409538691431477
0.09963246811596367 0.7478900484215021
0.3169768377027238 0.40351518930149666
0.10378751622659402 0.6880340915316623
0.6226305250471011 0.07689832283791471
0.5493722877187384 0.49574582571162346
0.23533309921668408 0.8133248269964415
0.80092154711455 0.13864224116307916
0.206879237563752 0.9357680153122823
0.1471643302350602 0.6634453959100106
0.016788599107184776 0.6088306249755804
0.41196030510932874 0.43479043381562327
0.20549422152687521 0.9557200009422289
0.30906743576402396 0.3668118619787319
0.8523137752253651 0.8452039551138393
0.06131339907832542 0.6130189644472461
0.49912453589330563 0.5110676598555298
0.6367525461185337 0.47664895575906224
0.06526856100357768 0.6653120738279621
0.3237088511327188 0.23606429742155072
0.8092039104918884 0.7540713253598826
0.1851577171977022 0.6759554937156613
0.8070384575969796 0.6646548234502244
0.8831010280923381 0.8707410861372149
0.5074165502157988 0.48402616399314147
0.41219185188217383 0.4980355631624116
0.2623390189533206 0.2905461746589078
0.6140075609284841 0.059070910282612396
0.14067773455938987 0.6191969600445432
0.4681219314982419 0.7086501452147415
0.8257879391368748 0.6999883336351059
0.7476829829383718 0.10450054693946223
0.9964871488116313 0.5712004232439634
0.9292819073927977 0.9090467826722783
0.24863439331733564 0.7389690762896048
0.6044121372576381 0.7948184677820364
0.23589274873883997 0.7137173339054584
0.29996743745903687 0.27396344354352964
0.5827734337863186 0.00784172620100676
0.926656846470999 0.880884590727104
0.4980418094458512 0.4663594089007007
0.4374435942663201 0.4852939185839159
0.4191998741611786 0.7321274805403497
0.9037447763694221 0.9398340355392514
0.6633116893927876 0.09547365237682878
0.7446740180841606 0.13262431145465686
0.46800995902736575 0.45859516663379535
0.8164131983669272 0.6823215785426652
0.36454179552922056 0.36218801367136677
0.06306029004349573 0.9859288599439845
0.18692725193380544 0.9343829992754055
0.7321166182536688 0.11705794676995397
0.21632453391073317 0.8195437051114556
0.7882889760570844 0.6293213132653429
0.08522054663352424 0.6666970898648389
0.7225681832773883 0.07336781757005646
0.6788780540774906 0.08291625254633704
0.41298099604616456 0.7131189152343989
0.8351626799068224 0.7176550887275467
0.07189369486121991 0.596046712353123
0.3519843956987288 0.34662164898666387
0.797663716827032 0.6469880683577837
0.3364180310140259 0.3591790488171556
0.43095699859064973 0.44104548271844857
0.5139129089005254 0.7522756697221161
0.596833052125457 0.4818607110982326
0.14425324860015876 0.9715169384615451
0.21689605525751884 0.7074622850026331
0.14092145541273363 0.7307080948653091
0.9063698372912208 0.9679962274844257
0.28955606174498166 0.25688704884966107
0.38612608992234576 0.2933830848104857
0.30663245643885023 0.2464756731356059
0.8247052126894203 0.6552800826802768
0.9284453980303887 0.5950817998923751
0.20410920548999842 0.9756719865721755
0.18554223589692864 0.9543349849053521
0.38022196704951206 0.4032836425286517
0.48037505435341044 0.4757341496706483
0.12373950185654058 0.6894191075685391
0.2828910427651683 0.28437481925758484
0.8571690761449394 0.14466017087150146
0.22911422110167 0.7943162616904906
0.1655902502669821 0.9529499688684753
0.3675507603834317 0.3340642491561721
0.7602403827688635 0.12006691162416512
0.42470194968782443 0.4600421761997696
0.1608734410426802 0.7320931109021859
0.7632493476230747 0.09194314710897049
0.9165133418811099 0.9244404091057649
0.10296426130338884 0.9886988920177381
0.17890266829487686 0.6949521871969824
0.7883641472840582 0.12307587647837626
0.12291624693333542 0.9900839080546149
0.19662236419194298 0.7947190998657793
0.7788157123077777 0.07938574727847875
0.8369201487918786 0.8324353896021515
0.4436986431691454 0.4662972251025949
0.06665357704045446 0.6453600881980155
0.14563826463703552 0.9515649528315985
0.1281676367537392 0.6571903470071853
0.43820843946712945 0.7259086024253356
0.33942699586823705 0.33105528430196096
0.9319069683145964 0.9372089746174527
0.1766703785619964 0.7933340838289025
0.8342950878700799 0.8042731976569771
0.3720193729687529 0.2768821057891011
0.5931848095003738 0.02491812089487531
0.19800738022881975 0.7747671142358327
0.17944041063574998 0.7534301125690093
0.9937877666981692 0.17827204130113977
0.9334022727701772 0.5757057994584865
0.3831171250681346 0.32150684932568036
0.1051725322634708 0.6680821059017157
0.22289534298665595 0.7753076963845398
0.6381968897318041 0.06434092300742297
0.8727354408296424 0.1321027710410097
0.9550357658303921 0.16835829182156287
0.6960090400031343 0.4545431209522899
0.8340799534593679 0.6729468377727176
0.3445316025608292 0.2702170868092878
0.8528294349992631 0.7082803479575991
0.8174959248143816 0.7270298294974943
0.17264761939205153 0.7139488806783034
0.9191384028029086 0.9526026010509392
0.326039687858147 0.3773921577616264
0.18415721986005185 0.9742869705352987
0.8268706655843292 0.744696584589935
0.6944444187621935 0.0703588527158453
0.8035078350031069 0.7787360666336015
0.04310830441354917 0.9845438439071077
0.9420504729044855 0.8936531562387918
0.3549429782748844 0.2872934815031563
0.916283764962615 0.15844454234198596
0.9721542736379543 0.5856195489380635
0.36122527356819106 0.3970285936258264
0.8153304719194727 0.6376133275878361
0.9527782732040657 0.580662674198275
0.09525790326657158 0.634179556013035
0.24190390829260683 0.7690888182695257
0.3274552078669607 0.280628462523343
0.14230647144961042 0.7107561092353625
0.9548190384161733 0.8782595298053053
0.8704961900917039 0.6989056071876515
0.1642052342301053 0.9729019544984219
0.570564534686968 0.8088656036859703
0.8984946545258247 0.8835096516489027
0.6206725799082975 0.031583139874688665
0.32386063118353414 0.3436126841324527
0.84453742067677 0.7353218438199874
0.4319895613521154 0.7069000371193848
0.8622041757692107 0.7259471030500398
0.8362454063542768 0.7623633396823758
0.15990597481355587 0.688697138294157
0.8059557311495251 0.6199465724953953
0.891950889788938 0.172863668036086
0.14286823256328196 0.9914689240914917
0.9217634637247073 0.9807647929961135
0.8677074016588516 0.8579725206255271
0.0782856511724485 0.6235992602301406
0.8881629451841446 0.6895308664177039
0.1661610237163812 0.669700444812836
0.37055972523764286 0.30594048464097745
0.8423719677818611 0.6459053419103292
0.045316575373631124 0.6639270577910853
0.12235448581966386 0.7093710931984857
0.006208303324290287 0.6258028770697035
0.025364589743684572 0.6625420417542085
0.6102612041942423 0.014506745180820117
0.8611214493217563 0.6812388520952107
0.9478213984642773 0.6000386746321635
0.8804759671705394 0.8425788941920406
0.9234885232906003 0.6144578003262636
0.9345320292363951 0.965371166562627
0.8725748893550495 0.16790679329629754
0.8434546942293155 0.6906135928651583
0.9089948982130195 0.9961584194296
0.20272418945312162 0.9956239722021221
0.046701591410507906 0.6439750721611387
0.8320542764839559 0.11352744150209565
0.31037881317309207 0.2910398382373982
0.8797796476830347 0.6239200512805753
0.16282021819322853 0.9928539401283685
0.9112632200375125 0.8681160252154162
0.33786658358101584 0.2977048572172115
0.8969077645287264 0.1534876676021975
0.11223015536069465 0.6447598517959294
0.35499336055293995 0.3184978844714692
0.29628352314156675 0.3117067662246968
0.9915302740718428 0.5905764236778519
0.895869593604026 0.8553474597037284
0.22963769983601465 0.7327140273867795
0.9185316485508118 0.6338338007601522
0.026749605780561358 0.6425900561242619
0.957444099337972 0.9064217217504796
0.8748227729432463 0.6432960517144638
0.9240317855492003 0.8527223987819297
0.8650823407370529 0.8298103286803528
0.9744117662642806 0.17331516656135132
0.9041125228567117 0.6095009255864752
0.8539121614467176 0.7529885989124282
0.00541260411373801 0.6611570257173317
0.9086381591157138 0.8399538332702419
0.9394254119826868 0.8654909642936175
0.13757908639814953 0.5662905476365425
0.21064100635469352 0.7264589784839541
0.940616640136292 0.14402541664788593
0.7662583124772859 0.06381938259377584
0.9212406397024034 0.13906854190809748
0.6377489746021661 0.02117176416063347
0.7913731121382694 0.09495211196318165
0.8456201471242244 0.7800300947748166
0.4587471907282943 0.6909833901223007
0.9694548915244922 0.1926911669952398
0.19939239626569655 0.7548151286058861
0.9599926405701805 0.14898229138767438
0.6663206542469988 0.06734988786163414
0.8991556481169233 0.6288769260203637
0.8601780409991506 0.11653640635630681
0.9521939774943746 0.850097337860131
0.3207901888871473 0.3081162329312667
0.9455735148760804 0.12464941621399743
0.9671973988981658 0.604995549371952
0.9018646392685149 0.13411166716830902
0.6481603503162212 0.038248158854502015
0.9622405241583774 0.6243715498058405
0.8975376859540922 0.7071976215101446
0.009739960173577783 0.015239590096191639
0.9793686410040691 0.15393916612746283
0.8517467085518087 0.66357209700277
0.854994887894172 0.7976968498672573
0.8726616429866128 0.7883221090973097
0.9135747738110234 0.6532098011940407
0.9505303896158689 0.10527341578010893
0.8476206411686589 0.10097004167160391
0.8069394768229724 0.08239471213268991
0.9261975144421919 0.11969254147420899
0.9311543891819803 0.10031654104032049
0.8883018055143453 0.11954537121051796
0.8757444056838536 0.10397900652581507
0.878788204414197 0.6718641113252631
0.8941987733771348 0.6482529264542523
0.8496887143035664 0.817041763168665
0.22338265093318932 0.7517107208681005
0.7943820769924806 0.066828347447987
0.9865733993320543 0.6099524241117404
0.8039305119687612 0.1105184766478845
0.8632869022166652 0.770655354004869
0.9446755338262842 0.9218153481839662
0.9816165245922659 0.629328424545629
0.8194968766534642 0.09796107681739274
0.8778509062487407 0.8144167022468662
0.3132557752356898 0.3222870620075913
0.8099484416771836 0.05427094761749526
0.9428645237244888 0.6194146750660521
0.964949515309969 0.1296062909537859
0.8906194717604285 0.7990230758133797
0.1827722038231751 0.9942389561652453
0.6818870189317018 0.054792488031142395
0.4140389397734652 0.6920661165697551
0.7537009126467942 0.04825301790907293
0.8715789165391583 0.7436138581424806
0.9086178990712349 0.6725858016279292
0.6273375988881109 0.00409536946676493
0.7818246771619889 0.05126198276328409
0.7758067474535665 0.10750951179367338
0.9060130981939151 0.8117916413250675
0.033760851201307854 0.6194109207584748
0.915204441046533 0.697822880740197
0.9987446414379576 0.1588960408672513
0.6974533836164047 0.04223508820065065
0.9368003510608881 0.8373287723484432
0.9187816637056029 0.796398014891581
0.9572836494185889 0.6437475502397291
0.9728377257714586 0.9191902872621674
0.9843255157438575 0.13456316569357435
0.9699063900497574 0.11023029051989737
0.9379076489847004 0.6387906754999406
0.9038681701990483 0.10698797138002622
0.750691947792583 0.07637678242426758
0.8225058415076754 0.06983731230219817
0.9554872643556573 0.08589741534622043
0.7130197483011077 0.029677688370158908
0.9279938995051235 0.6775426763677177
0.7100107834468965 0.05780145288535356
0.9361112639217688 0.080940540606432
0.9033880372721164 0.7836294493798932
0.8380722061923783 0.057279912471706426
0.9499256556698816 0.9781397320743148
0.8350632413381671 0.085403676986901
0.9626942211815694 0.9627461056408283
0.9766596498524774 0.6487044249795175
0.7255771481315995 0.045244053054861816
0.9329507742449119 0.6581666759338292
0.8932445326822273 0.827185267758554
0.9371570901581938 0.9935333585078013
0.684895983785913 0.02666872351594774
0.7381345479620912 0.06081041773956468
0.947369899939012 0.6824995511075062
0.9341752901390894 0.8091665804032688
0.66932961910121 0.03922612334643948
0.9702126648496598 0.8910280953169931
0.989282390483646 0.11518716525968585
0.7411435128163024 0.03268665322437002
0.9748632647895459 0.09085429008600887
0.9473005947480829 0.9499775401291405
0.8809536573091059 0.7612806132349214
0.8913107703685565 0.09142160669532332
0.8787533705380648 0.07585524201062041
0.8631870058533618 0.08841264184111217
0.7692672773314971 0.03569561807858118
0.9167352634878803 0.07598366586664355
0.978087847615056 0.9755146711525161
0.8506296060228701 0.07284627715640926
0.9161566027838042 0.7682358229464067
0.9214067246274016 0.8245602068367553
0.9829812303613477 0.8756344688835066
0.9754627866932573 0.9473524792073418
0.8892456716315991 0.734239117372533
0.9523267746788004 0.6631235506736176
0.9882313522049451 0.9319588527738553
0.971702775112689 0.6680804254134061
0.928925168295492 0.7528421965129202
0.9604441390954458 0.06652141491233193
0.9315502292172907 0.7810043884580945
0.7973910418466919 0.03870458293279235
0.7285861129858107 0.017120288539667107
0.9424130251992235 0.7018755515413947
0.8986204124015467 0.7519058724649738
0.9675876039278611 0.8628659033718188
0.996035650286366 0.653661299719306
0.9908564131267438 0.9601210447190296
0.6548253692960346 0.010760388446578277
0.9069124267240398 0.7248643766025854
0.8798709308616515 0.7165723622800922
0.9410681386615573 0.061564540172543494
0.9600691602597707 0.934583913695654
0.9245791818164806 0.7154896358326378
0.8255148063618866 0.04171354778700352
0.9910787755465775 0.6730373001531945
0.9798201395293343 0.07147828965212037
0.9934814740485425 0.9882832366642039
0.7567098775010054 0.020129253393878273
0.9667459003729005 0.6874564258472946
0.700462348470616 0.014111323685455998
0.8943197352227678 0.06329784218012867
0.9983748567948342 0.8884030343951944
0.8129574065313948 0.026147183102300606
0.9847770142691228 0.05210228921823187
0.9942392652234344 0.09581116482579731
0.9957497958730355 0.8602408424500201
0.9856062912831464 0.9037966608286809
0.9443187947289785 0.765610762024608
0.980356169439549 0.8474722769383323
0.866195970707573 0.0602888773259175
0.9654010138352342 0.04714541447844343
0.9495689165725759 0.8219351459149566
0.7848336420162001 0.023138218248089436
0.6719017639899032 0.0003490127325230831
0.9469438556507772 0.7937729539697823
0.9861219008067891 0.6924133005870831
0.9897338890089112 0.032726288784343374
0.9623374820842637 0.8065415194814701
0.800400006700903 0.010580818417597691
0.9653192821033681 0.9909082975860026
0.9991961399632229 0.07643516439190881
0.881762335392276 0.04773147749542575
0.9617890256331121 0.7068324262811831
0.9649625430060624 0.8347037114266445
0.9098860999074707 0.05074044234963693
0.9460250134013457 0.042188539738654995
0.8536385708770813 0.04472251264121459
0.9339539225864282 0.7331563909250786
0.7722762421857083 0.007571853563386527
0.7441524776705136 0.004562888709175364
0.9751060475959515 0.7911478930479836
0.9904996740294381 0.8039164585596714
0.897328700076979 0.03517407766493401
0.9811650260670006 0.7117893010209716
0.7160287131553189 0.0015539238549642526
0.9777311085177502 0.8193100849931579
0.8285237712160978 0.013589783271808861
0.8440901359008007 0.001032383441317116
0.8410811710465895 0.029156147956511773
0.9762081513272122 0.7311653014548601
0.8566475357312925 0.016598748126020024
0.8692049355617842 0.032165112810722936
0.959712421162465 0.7783793275362958
0.9570873602406663 0.7502171355911215
0.8847713002464872 0.01960771298023119
0.9568321508933236 0.7262084267150717
0.9931247349512368 0.8320786505048458
0.9878746131076394 0.7757542666144971
0.9254524645921737 0.038183042519145186
0.9724809866741528 0.7629857011028093
0.9509818881411342 0.022812539304766496
0.9128950647616819 0.022616677834442274
0.8722139004159954 0.004041348295528279
0.9003376649311902 0.0070503131497394456
0.9703578885750227 0.02776941404455493
0.9946907637486997 0.013350288350454875
0.9753147633148112 0.00839341361066643
0.9955841517611007 0.7361221761946486
0.9559387628809226 0.0034365388708779846
0.9284614294463849 0.010059278003950529
